The system is: Linux - 5.15.133.1-microsoft-standard-WSL2 - x86_64
Compiling the CXX compiler identification source file "CMakeCXXCompilerId.cpp" succeeded.
Compiler: /usr/bin/g++ 
Build flags: 
Id flags:  

The output was:
0


Compilation of the CXX compiler identification source "CMakeCXXCompilerId.cpp" produced "a.out"

The CXX compiler identification is GNU, found in "/home/brandon/RayTracingInOneWeekend/RayTracer/build/CMakeFiles/3.25.1/CompilerIdCXX/a.out"

Detecting CXX compiler ABI info compiled with the following output:
Change Dir: /home/brandon/RayTracingInOneWeekend/RayTracer/build/CMakeFiles/CMakeScratch/TryCompile-RG3J0r

Run Build Command(s):/usr/bin/gmake -f Makefile cmTC_52ec5/fast && /usr/bin/gmake  -f CMakeFiles/cmTC_52ec5.dir/build.make CMakeFiles/cmTC_52ec5.dir/build
gmake[1]: Entering directory '/home/brandon/RayTracingInOneWeekend/RayTracer/build/CMakeFiles/CMakeScratch/TryCompile-RG3J0r'
Building CXX object CMakeFiles/cmTC_52ec5.dir/CMakeCXXCompilerABI.cpp.o
/usr/bin/g++   -v -o CMakeFiles/cmTC_52ec5.dir/CMakeCXXCompilerABI.cpp.o -c /usr/share/cmake-3.25/Modules/CMakeCXXCompilerABI.cpp
Using built-in specs.
COLLECT_GCC=/usr/bin/g++
OFFLOAD_TARGET_NAMES=nvptx-none:amdgcn-amdhsa
OFFLOAD_TARGET_DEFAULT=1
Target: x86_64-linux-gnu
Configured with: ../src/configure -v --with-pkgversion='Debian 12.2.0-14' --with-bugurl=file:///usr/share/doc/gcc-12/README.Bugs --enable-languages=c,ada,c++,go,d,fortran,objc,obj-c++,m2 --prefix=/usr --with-gcc-major-version-only --program-suffix=-12 --program-prefix=x86_64-linux-gnu- --enable-shared --enable-linker-build-id --libexecdir=/usr/lib --without-included-gettext --enable-threads=posix --libdir=/usr/lib --enable-nls --enable-clocale=gnu --enable-libstdcxx-debug --enable-libstdcxx-time=yes --with-default-libstdcxx-abi=new --enable-gnu-unique-object --disable-vtable-verify --enable-plugin --enable-default-pie --with-system-zlib --enable-libphobos-checking=release --with-target-system-zlib=auto --enable-objc-gc=auto --enable-multiarch --disable-werror --enable-cet --with-arch-32=i686 --with-abi=m64 --with-multilib-list=m32,m64,mx32 --enable-multilib --with-tune=generic --enable-offload-targets=nvptx-none=/build/gcc-12-bTRWOB/gcc-12-12.2.0/debian/tmp-nvptx/usr,amdgcn-amdhsa=/build/gcc-12-bTRWOB/gcc-12-12.2.0/debian/tmp-gcn/usr --enable-offload-defaulted --without-cuda-driver --enable-checking=release --build=x86_64-linux-gnu --host=x86_64-linux-gnu --target=x86_64-linux-gnu
Thread model: posix
Supported LTO compression algorithms: zlib zstd
gcc version 12.2.0 (Debian 12.2.0-14) 
COLLECT_GCC_OPTIONS='-v' '-o' 'CMakeFiles/cmTC_52ec5.dir/CMakeCXXCompilerABI.cpp.o' '-c' '-shared-libgcc' '-mtune=generic' '-march=x86-64' '-dumpdir' 'CMakeFiles/cmTC_52ec5.dir/'
 /usr/lib/gcc/x86_64-linux-gnu/12/cc1plus -quiet -v -imultiarch x86_64-linux-gnu -D_GNU_SOURCE /usr/share/cmake-3.25/Modules/CMakeCXXCompilerABI.cpp -quiet -dumpdir CMakeFiles/cmTC_52ec5.dir/ -dumpbase CMakeCXXCompilerABI.cpp.cpp -dumpbase-ext .cpp -mtune=generic -march=x86-64 -version -fasynchronous-unwind-tables -o /tmp/ccqlneZd.s
GNU C++17 (Debian 12.2.0-14) version 12.2.0 (x86_64-linux-gnu)
	compiled by GNU C version 12.2.0, GMP version 6.2.1, MPFR version 4.1.1-p1, MPC version 1.3.1, isl version isl-0.25-GMP

warning: MPFR header version 4.1.1-p1 differs from library version 4.2.0.
GGC heuristics: --param ggc-min-expand=100 --param ggc-min-heapsize=131072
ignoring duplicate directory "/usr/include/x86_64-linux-gnu/c++/12"
ignoring nonexistent directory "/usr/local/include/x86_64-linux-gnu"
ignoring nonexistent directory "/usr/lib/gcc/x86_64-linux-gnu/12/include-fixed"
ignoring nonexistent directory "/usr/lib/gcc/x86_64-linux-gnu/12/../../../../x86_64-linux-gnu/include"
#include "..." search starts here:
#include <...> search starts here:
 /usr/include/c++/12
 /usr/include/x86_64-linux-gnu/c++/12
 /usr/include/c++/12/backward
 /usr/lib/gcc/x86_64-linux-gnu/12/include
 /usr/local/include
 /usr/include/x86_64-linux-gnu
 /usr/include
End of search list.
GNU C++17 (Debian 12.2.0-14) version 12.2.0 (x86_64-linux-gnu)
	compiled by GNU C version 12.2.0, GMP version 6.2.1, MPFR version 4.1.1-p1, MPC version 1.3.1, isl version isl-0.25-GMP

warning: MPFR header version 4.1.1-p1 differs from library version 4.2.0.
GGC heuristics: --param ggc-min-expand=100 --param ggc-min-heapsize=131072
Compiler executable checksum: 62b090dbbefa50644117a3c13d47369a
COLLECT_GCC_OPTIONS='-v' '-o' 'CMakeFiles/cmTC_52ec5.dir/CMakeCXXCompilerABI.cpp.o' '-c' '-shared-libgcc' '-mtune=generic' '-march=x86-64' '-dumpdir' 'CMakeFiles/cmTC_52ec5.dir/'
 as -v --64 -o CMakeFiles/cmTC_52ec5.dir/CMakeCXXCompilerABI.cpp.o /tmp/ccqlneZd.s
GNU assembler version 2.40 (x86_64-linux-gnu) using BFD version (GNU Binutils for Debian) 2.40
COMPILER_PATH=/usr/lib/gcc/x86_64-linux-gnu/12/:/usr/lib/gcc/x86_64-linux-gnu/12/:/usr/lib/gcc/x86_64-linux-gnu/:/usr/lib/gcc/x86_64-linux-gnu/12/:/usr/lib/gcc/x86_64-linux-gnu/
LIBRARY_PATH=/usr/lib/gcc/x86_64-linux-gnu/12/:/usr/lib/gcc/x86_64-linux-gnu/12/../../../x86_64-linux-gnu/:/usr/lib/gcc/x86_64-linux-gnu/12/../../../../lib/:/lib/x86_64-linux-gnu/:/lib/../lib/:/usr/lib/x86_64-linux-gnu/:/usr/lib/../lib/:/usr/lib/gcc/x86_64-linux-gnu/12/../../../:/lib/:/usr/lib/
COLLECT_GCC_OPTIONS='-v' '-o' 'CMakeFiles/cmTC_52ec5.dir/CMakeCXXCompilerABI.cpp.o' '-c' '-shared-libgcc' '-mtune=generic' '-march=x86-64' '-dumpdir' 'CMakeFiles/cmTC_52ec5.dir/CMakeCXXCompilerABI.cpp.'
Linking CXX executable cmTC_52ec5
/usr/bin/cmake -E cmake_link_script CMakeFiles/cmTC_52ec5.dir/link.txt --verbose=1
/usr/bin/g++  -v CMakeFiles/cmTC_52ec5.dir/CMakeCXXCompilerABI.cpp.o -o cmTC_52ec5 
Using built-in specs.
COLLECT_GCC=/usr/bin/g++
COLLECT_LTO_WRAPPER=/usr/lib/gcc/x86_64-linux-gnu/12/lto-wrapper
OFFLOAD_TARGET_NAMES=nvptx-none:amdgcn-amdhsa
OFFLOAD_TARGET_DEFAULT=1
Target: x86_64-linux-gnu
Configured with: ../src/configure -v --with-pkgversion='Debian 12.2.0-14' --with-bugurl=file:///usr/share/doc/gcc-12/README.Bugs --enable-languages=c,ada,c++,go,d,fortran,objc,obj-c++,m2 --prefix=/usr --with-gcc-major-version-only --program-suffix=-12 --program-prefix=x86_64-linux-gnu- --enable-shared --enable-linker-build-id --libexecdir=/usr/lib --without-included-gettext --enable-threads=posix --libdir=/usr/lib --enable-nls --enable-clocale=gnu --enable-libstdcxx-debug --enable-libstdcxx-time=yes --with-default-libstdcxx-abi=new --enable-gnu-unique-object --disable-vtable-verify --enable-plugin --enable-default-pie --with-system-zlib --enable-libphobos-checking=release --with-target-system-zlib=auto --enable-objc-gc=auto --enable-multiarch --disable-werror --enable-cet --with-arch-32=i686 --with-abi=m64 --with-multilib-list=m32,m64,mx32 --enable-multilib --with-tune=generic --enable-offload-targets=nvptx-none=/build/gcc-12-bTRWOB/gcc-12-12.2.0/debian/tmp-nvptx/usr,amdgcn-amdhsa=/build/gcc-12-bTRWOB/gcc-12-12.2.0/debian/tmp-gcn/usr --enable-offload-defaulted --without-cuda-driver --enable-checking=release --build=x86_64-linux-gnu --host=x86_64-linux-gnu --target=x86_64-linux-gnu
Thread model: posix
Supported LTO compression algorithms: zlib zstd
gcc version 12.2.0 (Debian 12.2.0-14) 
COMPILER_PATH=/usr/lib/gcc/x86_64-linux-gnu/12/:/usr/lib/gcc/x86_64-linux-gnu/12/:/usr/lib/gcc/x86_64-linux-gnu/:/usr/lib/gcc/x86_64-linux-gnu/12/:/usr/lib/gcc/x86_64-linux-gnu/
LIBRARY_PATH=/usr/lib/gcc/x86_64-linux-gnu/12/:/usr/lib/gcc/x86_64-linux-gnu/12/../../../x86_64-linux-gnu/:/usr/lib/gcc/x86_64-linux-gnu/12/../../../../lib/:/lib/x86_64-linux-gnu/:/lib/../lib/:/usr/lib/x86_64-linux-gnu/:/usr/lib/../lib/:/usr/lib/gcc/x86_64-linux-gnu/12/../../../:/lib/:/usr/lib/
COLLECT_GCC_OPTIONS='-v' '-o' 'cmTC_52ec5' '-shared-libgcc' '-mtune=generic' '-march=x86-64' '-dumpdir' 'cmTC_52ec5.'
 /usr/lib/gcc/x86_64-linux-gnu/12/collect2 -plugin /usr/lib/gcc/x86_64-linux-gnu/12/liblto_plugin.so -plugin-opt=/usr/lib/gcc/x86_64-linux-gnu/12/lto-wrapper -plugin-opt=-fresolution=/tmp/ccSEMDZy.res -plugin-opt=-pass-through=-lgcc_s -plugin-opt=-pass-through=-lgcc -plugin-opt=-pass-through=-lc -plugin-opt=-pass-through=-lgcc_s -plugin-opt=-pass-through=-lgcc --build-id --eh-frame-hdr -m elf_x86_64 --hash-style=gnu --as-needed -dynamic-linker /lib64/ld-linux-x86-64.so.2 -pie -o cmTC_52ec5 /usr/lib/gcc/x86_64-linux-gnu/12/../../../x86_64-linux-gnu/Scrt1.o /usr/lib/gcc/x86_64-linux-gnu/12/../../../x86_64-linux-gnu/crti.o /usr/lib/gcc/x86_64-linux-gnu/12/crtbeginS.o -L/usr/lib/gcc/x86_64-linux-gnu/12 -L/usr/lib/gcc/x86_64-linux-gnu/12/../../../x86_64-linux-gnu -L/usr/lib/gcc/x86_64-linux-gnu/12/../../../../lib -L/lib/x86_64-linux-gnu -L/lib/../lib -L/usr/lib/x86_64-linux-gnu -L/usr/lib/../lib -L/usr/lib/gcc/x86_64-linux-gnu/12/../../.. CMakeFiles/cmTC_52ec5.dir/CMakeCXXCompilerABI.cpp.o -lstdc++ -lm -lgcc_s -lgcc -lc -lgcc_s -lgcc /usr/lib/gcc/x86_64-linux-gnu/12/crtendS.o /usr/lib/gcc/x86_64-linux-gnu/12/../../../x86_64-linux-gnu/crtn.o
COLLECT_GCC_OPTIONS='-v' '-o' 'cmTC_52ec5' '-shared-libgcc' '-mtune=generic' '-march=x86-64' '-dumpdir' 'cmTC_52ec5.'
gmake[1]: Leaving directory '/home/brandon/RayTracingInOneWeekend/RayTracer/build/CMakeFiles/CMakeScratch/TryCompile-RG3J0r'



Parsed CXX implicit include dir info from above output: rv=done
  found start of include info
  found start of implicit include info
    add: [/usr/include/c++/12]
    add: [/usr/include/x86_64-linux-gnu/c++/12]
    add: [/usr/include/c++/12/backward]
    add: [/usr/lib/gcc/x86_64-linux-gnu/12/include]
    add: [/usr/local/include]
    add: [/usr/include/x86_64-linux-gnu]
    add: [/usr/include]
  end of search list found
  collapse include dir [/usr/include/c++/12] ==> [/usr/include/c++/12]
  collapse include dir [/usr/include/x86_64-linux-gnu/c++/12] ==> [/usr/include/x86_64-linux-gnu/c++/12]
  collapse include dir [/usr/include/c++/12/backward] ==> [/usr/include/c++/12/backward]
  collapse include dir [/usr/lib/gcc/x86_64-linux-gnu/12/include] ==> [/usr/lib/gcc/x86_64-linux-gnu/12/include]
  collapse include dir [/usr/local/include] ==> [/usr/local/include]
  collapse include dir [/usr/include/x86_64-linux-gnu] ==> [/usr/include/x86_64-linux-gnu]
  collapse include dir [/usr/include] ==> [/usr/include]
  implicit include dirs: [/usr/include/c++/12;/usr/include/x86_64-linux-gnu/c++/12;/usr/include/c++/12/backward;/usr/lib/gcc/x86_64-linux-gnu/12/include;/usr/local/include;/usr/include/x86_64-linux-gnu;/usr/include]


Parsed CXX implicit link information from above output:
  link line regex: [^( *|.*[/\])(ld|CMAKE_LINK_STARTFILE-NOTFOUND|([^/\]+-)?ld|collect2)[^/\]*( |$)]
  ignore line: [Change Dir: /home/brandon/RayTracingInOneWeekend/RayTracer/build/CMakeFiles/CMakeScratch/TryCompile-RG3J0r]
  ignore line: []
  ignore line: [Run Build Command(s):/usr/bin/gmake -f Makefile cmTC_52ec5/fast && /usr/bin/gmake  -f CMakeFiles/cmTC_52ec5.dir/build.make CMakeFiles/cmTC_52ec5.dir/build]
  ignore line: [gmake[1]: Entering directory '/home/brandon/RayTracingInOneWeekend/RayTracer/build/CMakeFiles/CMakeScratch/TryCompile-RG3J0r']
  ignore line: [Building CXX object CMakeFiles/cmTC_52ec5.dir/CMakeCXXCompilerABI.cpp.o]
  ignore line: [/usr/bin/g++   -v -o CMakeFiles/cmTC_52ec5.dir/CMakeCXXCompilerABI.cpp.o -c /usr/share/cmake-3.25/Modules/CMakeCXXCompilerABI.cpp]
  ignore line: [Using built-in specs.]
  ignore line: [COLLECT_GCC=/usr/bin/g++]
  ignore line: [OFFLOAD_TARGET_NAMES=nvptx-none:amdgcn-amdhsa]
  ignore line: [OFFLOAD_TARGET_DEFAULT=1]
  ignore line: [Target: x86_64-linux-gnu]
  ignore line: [Configured with: ../src/configure -v --with-pkgversion='Debian 12.2.0-14' --with-bugurl=file:///usr/share/doc/gcc-12/README.Bugs --enable-languages=c ada c++ go d fortran objc obj-c++ m2 --prefix=/usr --with-gcc-major-version-only --program-suffix=-12 --program-prefix=x86_64-linux-gnu- --enable-shared --enable-linker-build-id --libexecdir=/usr/lib --without-included-gettext --enable-threads=posix --libdir=/usr/lib --enable-nls --enable-clocale=gnu --enable-libstdcxx-debug --enable-libstdcxx-time=yes --with-default-libstdcxx-abi=new --enable-gnu-unique-object --disable-vtable-verify --enable-plugin --enable-default-pie --with-system-zlib --enable-libphobos-checking=release --with-target-system-zlib=auto --enable-objc-gc=auto --enable-multiarch --disable-werror --enable-cet --with-arch-32=i686 --with-abi=m64 --with-multilib-list=m32 m64 mx32 --enable-multilib --with-tune=generic --enable-offload-targets=nvptx-none=/build/gcc-12-bTRWOB/gcc-12-12.2.0/debian/tmp-nvptx/usr amdgcn-amdhsa=/build/gcc-12-bTRWOB/gcc-12-12.2.0/debian/tmp-gcn/usr --enable-offload-defaulted --without-cuda-driver --enable-checking=release --build=x86_64-linux-gnu --host=x86_64-linux-gnu --target=x86_64-linux-gnu]
  ignore line: [Thread model: posix]
  ignore line: [Supported LTO compression algorithms: zlib zstd]
  ignore line: [gcc version 12.2.0 (Debian 12.2.0-14) ]
  ignore line: [COLLECT_GCC_OPTIONS='-v' '-o' 'CMakeFiles/cmTC_52ec5.dir/CMakeCXXCompilerABI.cpp.o' '-c' '-shared-libgcc' '-mtune=generic' '-march=x86-64' '-dumpdir' 'CMakeFiles/cmTC_52ec5.dir/']
  ignore line: [ /usr/lib/gcc/x86_64-linux-gnu/12/cc1plus -quiet -v -imultiarch x86_64-linux-gnu -D_GNU_SOURCE /usr/share/cmake-3.25/Modules/CMakeCXXCompilerABI.cpp -quiet -dumpdir CMakeFiles/cmTC_52ec5.dir/ -dumpbase CMakeCXXCompilerABI.cpp.cpp -dumpbase-ext .cpp -mtune=generic -march=x86-64 -version -fasynchronous-unwind-tables -o /tmp/ccqlneZd.s]
  ignore line: [GNU C++17 (Debian 12.2.0-14) version 12.2.0 (x86_64-linux-gnu)]
  ignore line: [	compiled by GNU C version 12.2.0  GMP version 6.2.1  MPFR version 4.1.1-p1  MPC version 1.3.1  isl version isl-0.25-GMP]
  ignore line: []
  ignore line: [warning: MPFR header version 4.1.1-p1 differs from library version 4.2.0.]
  ignore line: [GGC heuristics: --param ggc-min-expand=100 --param ggc-min-heapsize=131072]
  ignore line: [ignoring duplicate directory "/usr/include/x86_64-linux-gnu/c++/12"]
  ignore line: [ignoring nonexistent directory "/usr/local/include/x86_64-linux-gnu"]
  ignore line: [ignoring nonexistent directory "/usr/lib/gcc/x86_64-linux-gnu/12/include-fixed"]
  ignore line: [ignoring nonexistent directory "/usr/lib/gcc/x86_64-linux-gnu/12/../../../../x86_64-linux-gnu/include"]
  ignore line: [#include "..." search starts here:]
  ignore line: [#include <...> search starts here:]
  ignore line: [ /usr/include/c++/12]
  ignore line: [ /usr/include/x86_64-linux-gnu/c++/12]
  ignore line: [ /usr/include/c++/12/backward]
  ignore line: [ /usr/lib/gcc/x86_64-linux-gnu/12/include]
  ignore line: [ /usr/local/include]
  ignore line: [ /usr/include/x86_64-linux-gnu]
  ignore line: [ /usr/include]
  ignore line: [End of search list.]
  ignore line: [GNU C++17 (Debian 12.2.0-14) version 12.2.0 (x86_64-linux-gnu)]
  ignore line: [	compiled by GNU C version 12.2.0  GMP version 6.2.1  MPFR version 4.1.1-p1  MPC version 1.3.1  isl version isl-0.25-GMP]
  ignore line: []
  ignore line: [warning: MPFR header version 4.1.1-p1 differs from library version 4.2.0.]
  ignore line: [GGC heuristics: --param ggc-min-expand=100 --param ggc-min-heapsize=131072]
  ignore line: [Compiler executable checksum: 62b090dbbefa50644117a3c13d47369a]
  ignore line: [COLLECT_GCC_OPTIONS='-v' '-o' 'CMakeFiles/cmTC_52ec5.dir/CMakeCXXCompilerABI.cpp.o' '-c' '-shared-libgcc' '-mtune=generic' '-march=x86-64' '-dumpdir' 'CMakeFiles/cmTC_52ec5.dir/']
  ignore line: [ as -v --64 -o CMakeFiles/cmTC_52ec5.dir/CMakeCXXCompilerABI.cpp.o /tmp/ccqlneZd.s]
  ignore line: [GNU assembler version 2.40 (x86_64-linux-gnu) using BFD version (GNU Binutils for Debian) 2.40]
  ignore line: [COMPILER_PATH=/usr/lib/gcc/x86_64-linux-gnu/12/:/usr/lib/gcc/x86_64-linux-gnu/12/:/usr/lib/gcc/x86_64-linux-gnu/:/usr/lib/gcc/x86_64-linux-gnu/12/:/usr/lib/gcc/x86_64-linux-gnu/]
  ignore line: [LIBRARY_PATH=/usr/lib/gcc/x86_64-linux-gnu/12/:/usr/lib/gcc/x86_64-linux-gnu/12/../../../x86_64-linux-gnu/:/usr/lib/gcc/x86_64-linux-gnu/12/../../../../lib/:/lib/x86_64-linux-gnu/:/lib/../lib/:/usr/lib/x86_64-linux-gnu/:/usr/lib/../lib/:/usr/lib/gcc/x86_64-linux-gnu/12/../../../:/lib/:/usr/lib/]
  ignore line: [COLLECT_GCC_OPTIONS='-v' '-o' 'CMakeFiles/cmTC_52ec5.dir/CMakeCXXCompilerABI.cpp.o' '-c' '-shared-libgcc' '-mtune=generic' '-march=x86-64' '-dumpdir' 'CMakeFiles/cmTC_52ec5.dir/CMakeCXXCompilerABI.cpp.']
  ignore line: [Linking CXX executable cmTC_52ec5]
  ignore line: [/usr/bin/cmake -E cmake_link_script CMakeFiles/cmTC_52ec5.dir/link.txt --verbose=1]
  ignore line: [/usr/bin/g++  -v CMakeFiles/cmTC_52ec5.dir/CMakeCXXCompilerABI.cpp.o -o cmTC_52ec5 ]
  ignore line: [Using built-in specs.]
  ignore line: [COLLECT_GCC=/usr/bin/g++]
  ignore line: [COLLECT_LTO_WRAPPER=/usr/lib/gcc/x86_64-linux-gnu/12/lto-wrapper]
  ignore line: [OFFLOAD_TARGET_NAMES=nvptx-none:amdgcn-amdhsa]
  ignore line: [OFFLOAD_TARGET_DEFAULT=1]
  ignore line: [Target: x86_64-linux-gnu]
  ignore line: [Configured with: ../src/configure -v --with-pkgversion='Debian 12.2.0-14' --with-bugurl=file:///usr/share/doc/gcc-12/README.Bugs --enable-languages=c ada c++ go d fortran objc obj-c++ m2 --prefix=/usr --with-gcc-major-version-only --program-suffix=-12 --program-prefix=x86_64-linux-gnu- --enable-shared --enable-linker-build-id --libexecdir=/usr/lib --without-included-gettext --enable-threads=posix --libdir=/usr/lib --enable-nls --enable-clocale=gnu --enable-libstdcxx-debug --enable-libstdcxx-time=yes --with-default-libstdcxx-abi=new --enable-gnu-unique-object --disable-vtable-verify --enable-plugin --enable-default-pie --with-system-zlib --enable-libphobos-checking=release --with-target-system-zlib=auto --enable-objc-gc=auto --enable-multiarch --disable-werror --enable-cet --with-arch-32=i686 --with-abi=m64 --with-multilib-list=m32 m64 mx32 --enable-multilib --with-tune=generic --enable-offload-targets=nvptx-none=/build/gcc-12-bTRWOB/gcc-12-12.2.0/debian/tmp-nvptx/usr amdgcn-amdhsa=/build/gcc-12-bTRWOB/gcc-12-12.2.0/debian/tmp-gcn/usr --enable-offload-defaulted --without-cuda-driver --enable-checking=release --build=x86_64-linux-gnu --host=x86_64-linux-gnu --target=x86_64-linux-gnu]
  ignore line: [Thread model: posix]
  ignore line: [Supported LTO compression algorithms: zlib zstd]
  ignore line: [gcc version 12.2.0 (Debian 12.2.0-14) ]
  ignore line: [COMPILER_PATH=/usr/lib/gcc/x86_64-linux-gnu/12/:/usr/lib/gcc/x86_64-linux-gnu/12/:/usr/lib/gcc/x86_64-linux-gnu/:/usr/lib/gcc/x86_64-linux-gnu/12/:/usr/lib/gcc/x86_64-linux-gnu/]
  ignore line: [LIBRARY_PATH=/usr/lib/gcc/x86_64-linux-gnu/12/:/usr/lib/gcc/x86_64-linux-gnu/12/../../../x86_64-linux-gnu/:/usr/lib/gcc/x86_64-linux-gnu/12/../../../../lib/:/lib/x86_64-linux-gnu/:/lib/../lib/:/usr/lib/x86_64-linux-gnu/:/usr/lib/../lib/:/usr/lib/gcc/x86_64-linux-gnu/12/../../../:/lib/:/usr/lib/]
  ignore line: [COLLECT_GCC_OPTIONS='-v' '-o' 'cmTC_52ec5' '-shared-libgcc' '-mtune=generic' '-march=x86-64' '-dumpdir' 'cmTC_52ec5.']
  link line: [ /usr/lib/gcc/x86_64-linux-gnu/12/collect2 -plugin /usr/lib/gcc/x86_64-linux-gnu/12/liblto_plugin.so -plugin-opt=/usr/lib/gcc/x86_64-linux-gnu/12/lto-wrapper -plugin-opt=-fresolution=/tmp/ccSEMDZy.res -plugin-opt=-pass-through=-lgcc_s -plugin-opt=-pass-through=-lgcc -plugin-opt=-pass-through=-lc -plugin-opt=-pass-through=-lgcc_s -plugin-opt=-pass-through=-lgcc --build-id --eh-frame-hdr -m elf_x86_64 --hash-style=gnu --as-needed -dynamic-linker /lib64/ld-linux-x86-64.so.2 -pie -o cmTC_52ec5 /usr/lib/gcc/x86_64-linux-gnu/12/../../../x86_64-linux-gnu/Scrt1.o /usr/lib/gcc/x86_64-linux-gnu/12/../../../x86_64-linux-gnu/crti.o /usr/lib/gcc/x86_64-linux-gnu/12/crtbeginS.o -L/usr/lib/gcc/x86_64-linux-gnu/12 -L/usr/lib/gcc/x86_64-linux-gnu/12/../../../x86_64-linux-gnu -L/usr/lib/gcc/x86_64-linux-gnu/12/../../../../lib -L/lib/x86_64-linux-gnu -L/lib/../lib -L/usr/lib/x86_64-linux-gnu -L/usr/lib/../lib -L/usr/lib/gcc/x86_64-linux-gnu/12/../../.. CMakeFiles/cmTC_52ec5.dir/CMakeCXXCompilerABI.cpp.o -lstdc++ -lm -lgcc_s -lgcc -lc -lgcc_s -lgcc /usr/lib/gcc/x86_64-linux-gnu/12/crtendS.o /usr/lib/gcc/x86_64-linux-gnu/12/../../../x86_64-linux-gnu/crtn.o]
    arg [/usr/lib/gcc/x86_64-linux-gnu/12/collect2] ==> ignore
    arg [-plugin] ==> ignore
    arg [/usr/lib/gcc/x86_64-linux-gnu/12/liblto_plugin.so] ==> ignore
    arg [-plugin-opt=/usr/lib/gcc/x86_64-linux-gnu/12/lto-wrapper] ==> ignore
    arg [-plugin-opt=-fresolution=/tmp/ccSEMDZy.res] ==> ignore
    arg [-plugin-opt=-pass-through=-lgcc_s] ==> ignore
    arg [-plugin-opt=-pass-through=-lgcc] ==> ignore
    arg [-plugin-opt=-pass-through=-lc] ==> ignore
    arg [-plugin-opt=-pass-through=-lgcc_s] ==> ignore
    arg [-plugin-opt=-pass-through=-lgcc] ==> ignore
    arg [--build-id] ==> ignore
    arg [--eh-frame-hdr] ==> ignore
    arg [-m] ==> ignore
    arg [elf_x86_64] ==> ignore
    arg [--hash-style=gnu] ==> ignore
    arg [--as-needed] ==> ignore
    arg [-dynamic-linker] ==> ignore
    arg [/lib64/ld-linux-x86-64.so.2] ==> ignore
    arg [-pie] ==> ignore
    arg [-o] ==> ignore
    arg [cmTC_52ec5] ==> ignore
    arg [/usr/lib/gcc/x86_64-linux-gnu/12/../../../x86_64-linux-gnu/Scrt1.o] ==> obj [/usr/lib/gcc/x86_64-linux-gnu/12/../../../x86_64-linux-gnu/Scrt1.o]
    arg [/usr/lib/gcc/x86_64-linux-gnu/12/../../../x86_64-linux-gnu/crti.o] ==> obj [/usr/lib/gcc/x86_64-linux-gnu/12/../../../x86_64-linux-gnu/crti.o]
    arg [/usr/lib/gcc/x86_64-linux-gnu/12/crtbeginS.o] ==> obj [/usr/lib/gcc/x86_64-linux-gnu/12/crtbeginS.o]
    arg [-L/usr/lib/gcc/x86_64-linux-gnu/12] ==> dir [/usr/lib/gcc/x86_64-linux-gnu/12]
    arg [-L/usr/lib/gcc/x86_64-linux-gnu/12/../../../x86_64-linux-gnu] ==> dir [/usr/lib/gcc/x86_64-linux-gnu/12/../../../x86_64-linux-gnu]
    arg [-L/usr/lib/gcc/x86_64-linux-gnu/12/../../../../lib] ==> dir [/usr/lib/gcc/x86_64-linux-gnu/12/../../../../lib]
    arg [-L/lib/x86_64-linux-gnu] ==> dir [/lib/x86_64-linux-gnu]
    arg [-L/lib/../lib] ==> dir [/lib/../lib]
    arg [-L/usr/lib/x86_64-linux-gnu] ==> dir [/usr/lib/x86_64-linux-gnu]
    arg [-L/usr/lib/../lib] ==> dir [/usr/lib/../lib]
    arg [-L/usr/lib/gcc/x86_64-linux-gnu/12/../../..] ==> dir [/usr/lib/gcc/x86_64-linux-gnu/12/../../..]
    arg [CMakeFiles/cmTC_52ec5.dir/CMakeCXXCompilerABI.cpp.o] ==> ignore
    arg [-lstdc++] ==> lib [stdc++]
    arg [-lm] ==> lib [m]
    arg [-lgcc_s] ==> lib [gcc_s]
    arg [-lgcc] ==> lib [gcc]
    arg [-lc] ==> lib [c]
    arg [-lgcc_s] ==> lib [gcc_s]
    arg [-lgcc] ==> lib [gcc]
    arg [/usr/lib/gcc/x86_64-linux-gnu/12/crtendS.o] ==> obj [/usr/lib/gcc/x86_64-linux-gnu/12/crtendS.o]
    arg [/usr/lib/gcc/x86_64-linux-gnu/12/../../../x86_64-linux-gnu/crtn.o] ==> obj [/usr/lib/gcc/x86_64-linux-gnu/12/../../../x86_64-linux-gnu/crtn.o]
  collapse obj [/usr/lib/gcc/x86_64-linux-gnu/12/../../../x86_64-linux-gnu/Scrt1.o] ==> [/usr/lib/x86_64-linux-gnu/Scrt1.o]
  collapse obj [/usr/lib/gcc/x86_64-linux-gnu/12/../../../x86_64-linux-gnu/crti.o] ==> [/usr/lib/x86_64-linux-gnu/crti.o]
  collapse obj [/usr/lib/gcc/x86_64-linux-gnu/12/../../../x86_64-linux-gnu/crtn.o] ==> [/usr/lib/x86_64-linux-gnu/crtn.o]
  collapse library dir [/usr/lib/gcc/x86_64-linux-gnu/12] ==> [/usr/lib/gcc/x86_64-linux-gnu/12]
  collapse library dir [/usr/lib/gcc/x86_64-linux-gnu/12/../../../x86_64-linux-gnu] ==> [/usr/lib/x86_64-linux-gnu]
  collapse library dir [/usr/lib/gcc/x86_64-linux-gnu/12/../../../../lib] ==> [/usr/lib]
  collapse library dir [/lib/x86_64-linux-gnu] ==> [/lib/x86_64-linux-gnu]
  collapse library dir [/lib/../lib] ==> [/lib]
  collapse library dir [/usr/lib/x86_64-linux-gnu] ==> [/usr/lib/x86_64-linux-gnu]
  collapse library dir [/usr/lib/../lib] ==> [/usr/lib]
  collapse library dir [/usr/lib/gcc/x86_64-linux-gnu/12/../../..] ==> [/usr/lib]
  implicit libs: [stdc++;m;gcc_s;gcc;c;gcc_s;gcc]
  implicit objs: [/usr/lib/x86_64-linux-gnu/Scrt1.o;/usr/lib/x86_64-linux-gnu/crti.o;/usr/lib/gcc/x86_64-linux-gnu/12/crtbeginS.o;/usr/lib/gcc/x86_64-linux-gnu/12/crtendS.o;/usr/lib/x86_64-linux-gnu/crtn.o]
  implicit dirs: [/usr/lib/gcc/x86_64-linux-gnu/12;/usr/lib/x86_64-linux-gnu;/usr/lib;/lib/x86_64-linux-gnu;/lib]
  implicit fwks: []


Compiling the C compiler identification source file "CMakeCCompilerId.c" succeeded.
Compiler: /usr/bin/gcc 
Build flags: 
Id flags:  

The output was:
0


Compilation of the C compiler identification source "CMakeCCompilerId.c" produced "a.out"

The C compiler identification is GNU, found in "/home/brandon/RayTracingInOneWeekend/RayTracer/build/CMakeFiles/3.25.1/CompilerIdC/a.out"

Detecting C compiler ABI info compiled with the following output:
Change Dir: /home/brandon/RayTracingInOneWeekend/RayTracer/build/CMakeFiles/CMakeScratch/TryCompile-AmdrRy

Run Build Command(s):/usr/bin/gmake -f Makefile cmTC_156e9/fast && /usr/bin/gmake  -f CMakeFiles/cmTC_156e9.dir/build.make CMakeFiles/cmTC_156e9.dir/build
gmake[1]: Entering directory '/home/brandon/RayTracingInOneWeekend/RayTracer/build/CMakeFiles/CMakeScratch/TryCompile-AmdrRy'
Building C object CMakeFiles/cmTC_156e9.dir/CMakeCCompilerABI.c.o
/usr/bin/gcc   -v -o CMakeFiles/cmTC_156e9.dir/CMakeCCompilerABI.c.o -c /usr/share/cmake-3.25/Modules/CMakeCCompilerABI.c
Using built-in specs.
COLLECT_GCC=/usr/bin/gcc
OFFLOAD_TARGET_NAMES=nvptx-none:amdgcn-amdhsa
OFFLOAD_TARGET_DEFAULT=1
Target: x86_64-linux-gnu
Configured with: ../src/configure -v --with-pkgversion='Debian 12.2.0-14' --with-bugurl=file:///usr/share/doc/gcc-12/README.Bugs --enable-languages=c,ada,c++,go,d,fortran,objc,obj-c++,m2 --prefix=/usr --with-gcc-major-version-only --program-suffix=-12 --program-prefix=x86_64-linux-gnu- --enable-shared --enable-linker-build-id --libexecdir=/usr/lib --without-included-gettext --enable-threads=posix --libdir=/usr/lib --enable-nls --enable-clocale=gnu --enable-libstdcxx-debug --enable-libstdcxx-time=yes --with-default-libstdcxx-abi=new --enable-gnu-unique-object --disable-vtable-verify --enable-plugin --enable-default-pie --with-system-zlib --enable-libphobos-checking=release --with-target-system-zlib=auto --enable-objc-gc=auto --enable-multiarch --disable-werror --enable-cet --with-arch-32=i686 --with-abi=m64 --with-multilib-list=m32,m64,mx32 --enable-multilib --with-tune=generic --enable-offload-targets=nvptx-none=/build/gcc-12-bTRWOB/gcc-12-12.2.0/debian/tmp-nvptx/usr,amdgcn-amdhsa=/build/gcc-12-bTRWOB/gcc-12-12.2.0/debian/tmp-gcn/usr --enable-offload-defaulted --without-cuda-driver --enable-checking=release --build=x86_64-linux-gnu --host=x86_64-linux-gnu --target=x86_64-linux-gnu
Thread model: posix
Supported LTO compression algorithms: zlib zstd
gcc version 12.2.0 (Debian 12.2.0-14) 
COLLECT_GCC_OPTIONS='-v' '-o' 'CMakeFiles/cmTC_156e9.dir/CMakeCCompilerABI.c.o' '-c' '-mtune=generic' '-march=x86-64' '-dumpdir' 'CMakeFiles/cmTC_156e9.dir/'
 /usr/lib/gcc/x86_64-linux-gnu/12/cc1 -quiet -v -imultiarch x86_64-linux-gnu /usr/share/cmake-3.25/Modules/CMakeCCompilerABI.c -quiet -dumpdir CMakeFiles/cmTC_156e9.dir/ -dumpbase CMakeCCompilerABI.c.c -dumpbase-ext .c -mtune=generic -march=x86-64 -version -fasynchronous-unwind-tables -o /tmp/ccK4aG0Y.s
GNU C17 (Debian 12.2.0-14) version 12.2.0 (x86_64-linux-gnu)
	compiled by GNU C version 12.2.0, GMP version 6.2.1, MPFR version 4.1.1-p1, MPC version 1.3.1, isl version isl-0.25-GMP

warning: MPFR header version 4.1.1-p1 differs from library version 4.2.0.
GGC heuristics: --param ggc-min-expand=100 --param ggc-min-heapsize=131072
ignoring nonexistent directory "/usr/local/include/x86_64-linux-gnu"
ignoring nonexistent directory "/usr/lib/gcc/x86_64-linux-gnu/12/include-fixed"
ignoring nonexistent directory "/usr/lib/gcc/x86_64-linux-gnu/12/../../../../x86_64-linux-gnu/include"
#include "..." search starts here:
#include <...> search starts here:
 /usr/lib/gcc/x86_64-linux-gnu/12/include
 /usr/local/include
 /usr/include/x86_64-linux-gnu
 /usr/include
End of search list.
GNU C17 (Debian 12.2.0-14) version 12.2.0 (x86_64-linux-gnu)
	compiled by GNU C version 12.2.0, GMP version 6.2.1, MPFR version 4.1.1-p1, MPC version 1.3.1, isl version isl-0.25-GMP

warning: MPFR header version 4.1.1-p1 differs from library version 4.2.0.
GGC heuristics: --param ggc-min-expand=100 --param ggc-min-heapsize=131072
Compiler executable checksum: cc72d2b9b5048fedc2be9051c917b40b
COLLECT_GCC_OPTIONS='-v' '-o' 'CMakeFiles/cmTC_156e9.dir/CMakeCCompilerABI.c.o' '-c' '-mtune=generic' '-march=x86-64' '-dumpdir' 'CMakeFiles/cmTC_156e9.dir/'
 as -v --64 -o CMakeFiles/cmTC_156e9.dir/CMakeCCompilerABI.c.o /tmp/ccK4aG0Y.s
GNU assembler version 2.40 (x86_64-linux-gnu) using BFD version (GNU Binutils for Debian) 2.40
COMPILER_PATH=/usr/lib/gcc/x86_64-linux-gnu/12/:/usr/lib/gcc/x86_64-linux-gnu/12/:/usr/lib/gcc/x86_64-linux-gnu/:/usr/lib/gcc/x86_64-linux-gnu/12/:/usr/lib/gcc/x86_64-linux-gnu/
LIBRARY_PATH=/usr/lib/gcc/x86_64-linux-gnu/12/:/usr/lib/gcc/x86_64-linux-gnu/12/../../../x86_64-linux-gnu/:/usr/lib/gcc/x86_64-linux-gnu/12/../../../../lib/:/lib/x86_64-linux-gnu/:/lib/../lib/:/usr/lib/x86_64-linux-gnu/:/usr/lib/../lib/:/usr/lib/gcc/x86_64-linux-gnu/12/../../../:/lib/:/usr/lib/
COLLECT_GCC_OPTIONS='-v' '-o' 'CMakeFiles/cmTC_156e9.dir/CMakeCCompilerABI.c.o' '-c' '-mtune=generic' '-march=x86-64' '-dumpdir' 'CMakeFiles/cmTC_156e9.dir/CMakeCCompilerABI.c.'
Linking C executable cmTC_156e9
/usr/bin/cmake -E cmake_link_script CMakeFiles/cmTC_156e9.dir/link.txt --verbose=1
/usr/bin/gcc  -v CMakeFiles/cmTC_156e9.dir/CMakeCCompilerABI.c.o -o cmTC_156e9 
Using built-in specs.
COLLECT_GCC=/usr/bin/gcc
COLLECT_LTO_WRAPPER=/usr/lib/gcc/x86_64-linux-gnu/12/lto-wrapper
OFFLOAD_TARGET_NAMES=nvptx-none:amdgcn-amdhsa
OFFLOAD_TARGET_DEFAULT=1
Target: x86_64-linux-gnu
Configured with: ../src/configure -v --with-pkgversion='Debian 12.2.0-14' --with-bugurl=file:///usr/share/doc/gcc-12/README.Bugs --enable-languages=c,ada,c++,go,d,fortran,objc,obj-c++,m2 --prefix=/usr --with-gcc-major-version-only --program-suffix=-12 --program-prefix=x86_64-linux-gnu- --enable-shared --enable-linker-build-id --libexecdir=/usr/lib --without-included-gettext --enable-threads=posix --libdir=/usr/lib --enable-nls --enable-clocale=gnu --enable-libstdcxx-debug --enable-libstdcxx-time=yes --with-default-libstdcxx-abi=new --enable-gnu-unique-object --disable-vtable-verify --enable-plugin --enable-default-pie --with-system-zlib --enable-libphobos-checking=release --with-target-system-zlib=auto --enable-objc-gc=auto --enable-multiarch --disable-werror --enable-cet --with-arch-32=i686 --with-abi=m64 --with-multilib-list=m32,m64,mx32 --enable-multilib --with-tune=generic --enable-offload-targets=nvptx-none=/build/gcc-12-bTRWOB/gcc-12-12.2.0/debian/tmp-nvptx/usr,amdgcn-amdhsa=/build/gcc-12-bTRWOB/gcc-12-12.2.0/debian/tmp-gcn/usr --enable-offload-defaulted --without-cuda-driver --enable-checking=release --build=x86_64-linux-gnu --host=x86_64-linux-gnu --target=x86_64-linux-gnu
Thread model: posix
Supported LTO compression algorithms: zlib zstd
gcc version 12.2.0 (Debian 12.2.0-14) 
COMPILER_PATH=/usr/lib/gcc/x86_64-linux-gnu/12/:/usr/lib/gcc/x86_64-linux-gnu/12/:/usr/lib/gcc/x86_64-linux-gnu/:/usr/lib/gcc/x86_64-linux-gnu/12/:/usr/lib/gcc/x86_64-linux-gnu/
LIBRARY_PATH=/usr/lib/gcc/x86_64-linux-gnu/12/:/usr/lib/gcc/x86_64-linux-gnu/12/../../../x86_64-linux-gnu/:/usr/lib/gcc/x86_64-linux-gnu/12/../../../../lib/:/lib/x86_64-linux-gnu/:/lib/../lib/:/usr/lib/x86_64-linux-gnu/:/usr/lib/../lib/:/usr/lib/gcc/x86_64-linux-gnu/12/../../../:/lib/:/usr/lib/
COLLECT_GCC_OPTIONS='-v' '-o' 'cmTC_156e9' '-mtune=generic' '-march=x86-64' '-dumpdir' 'cmTC_156e9.'
 /usr/lib/gcc/x86_64-linux-gnu/12/collect2 -plugin /usr/lib/gcc/x86_64-linux-gnu/12/liblto_plugin.so -plugin-opt=/usr/lib/gcc/x86_64-linux-gnu/12/lto-wrapper -plugin-opt=-fresolution=/tmp/cchjQl1i.res -plugin-opt=-pass-through=-lgcc -plugin-opt=-pass-through=-lgcc_s -plugin-opt=-pass-through=-lc -plugin-opt=-pass-through=-lgcc -plugin-opt=-pass-through=-lgcc_s --build-id --eh-frame-hdr -m elf_x86_64 --hash-style=gnu --as-needed -dynamic-linker /lib64/ld-linux-x86-64.so.2 -pie -o cmTC_156e9 /usr/lib/gcc/x86_64-linux-gnu/12/../../../x86_64-linux-gnu/Scrt1.o /usr/lib/gcc/x86_64-linux-gnu/12/../../../x86_64-linux-gnu/crti.o /usr/lib/gcc/x86_64-linux-gnu/12/crtbeginS.o -L/usr/lib/gcc/x86_64-linux-gnu/12 -L/usr/lib/gcc/x86_64-linux-gnu/12/../../../x86_64-linux-gnu -L/usr/lib/gcc/x86_64-linux-gnu/12/../../../../lib -L/lib/x86_64-linux-gnu -L/lib/../lib -L/usr/lib/x86_64-linux-gnu -L/usr/lib/../lib -L/usr/lib/gcc/x86_64-linux-gnu/12/../../.. CMakeFiles/cmTC_156e9.dir/CMakeCCompilerABI.c.o -lgcc --push-state --as-needed -lgcc_s --pop-state -lc -lgcc --push-state --as-needed -lgcc_s --pop-state /usr/lib/gcc/x86_64-linux-gnu/12/crtendS.o /usr/lib/gcc/x86_64-linux-gnu/12/../../../x86_64-linux-gnu/crtn.o
COLLECT_GCC_OPTIONS='-v' '-o' 'cmTC_156e9' '-mtune=generic' '-march=x86-64' '-dumpdir' 'cmTC_156e9.'
gmake[1]: Leaving directory '/home/brandon/RayTracingInOneWeekend/RayTracer/build/CMakeFiles/CMakeScratch/TryCompile-AmdrRy'



Parsed C implicit include dir info from above output: rv=done
  found start of include info
  found start of implicit include info
    add: [/usr/lib/gcc/x86_64-linux-gnu/12/include]
    add: [/usr/local/include]
    add: [/usr/include/x86_64-linux-gnu]
    add: [/usr/include]
  end of search list found
  collapse include dir [/usr/lib/gcc/x86_64-linux-gnu/12/include] ==> [/usr/lib/gcc/x86_64-linux-gnu/12/include]
  collapse include dir [/usr/local/include] ==> [/usr/local/include]
  collapse include dir [/usr/include/x86_64-linux-gnu] ==> [/usr/include/x86_64-linux-gnu]
  collapse include dir [/usr/include] ==> [/usr/include]
  implicit include dirs: [/usr/lib/gcc/x86_64-linux-gnu/12/include;/usr/local/include;/usr/include/x86_64-linux-gnu;/usr/include]


Parsed C implicit link information from above output:
  link line regex: [^( *|.*[/\])(ld|CMAKE_LINK_STARTFILE-NOTFOUND|([^/\]+-)?ld|collect2)[^/\]*( |$)]
  ignore line: [Change Dir: /home/brandon/RayTracingInOneWeekend/RayTracer/build/CMakeFiles/CMakeScratch/TryCompile-AmdrRy]
  ignore line: []
  ignore line: [Run Build Command(s):/usr/bin/gmake -f Makefile cmTC_156e9/fast && /usr/bin/gmake  -f CMakeFiles/cmTC_156e9.dir/build.make CMakeFiles/cmTC_156e9.dir/build]
  ignore line: [gmake[1]: Entering directory '/home/brandon/RayTracingInOneWeekend/RayTracer/build/CMakeFiles/CMakeScratch/TryCompile-AmdrRy']
  ignore line: [Building C object CMakeFiles/cmTC_156e9.dir/CMakeCCompilerABI.c.o]
  ignore line: [/usr/bin/gcc   -v -o CMakeFiles/cmTC_156e9.dir/CMakeCCompilerABI.c.o -c /usr/share/cmake-3.25/Modules/CMakeCCompilerABI.c]
  ignore line: [Using built-in specs.]
  ignore line: [COLLECT_GCC=/usr/bin/gcc]
  ignore line: [OFFLOAD_TARGET_NAMES=nvptx-none:amdgcn-amdhsa]
  ignore line: [OFFLOAD_TARGET_DEFAULT=1]
  ignore line: [Target: x86_64-linux-gnu]
  ignore line: [Configured with: ../src/configure -v --with-pkgversion='Debian 12.2.0-14' --with-bugurl=file:///usr/share/doc/gcc-12/README.Bugs --enable-languages=c ada c++ go d fortran objc obj-c++ m2 --prefix=/usr --with-gcc-major-version-only --program-suffix=-12 --program-prefix=x86_64-linux-gnu- --enable-shared --enable-linker-build-id --libexecdir=/usr/lib --without-included-gettext --enable-threads=posix --libdir=/usr/lib --enable-nls --enable-clocale=gnu --enable-libstdcxx-debug --enable-libstdcxx-time=yes --with-default-libstdcxx-abi=new --enable-gnu-unique-object --disable-vtable-verify --enable-plugin --enable-default-pie --with-system-zlib --enable-libphobos-checking=release --with-target-system-zlib=auto --enable-objc-gc=auto --enable-multiarch --disable-werror --enable-cet --with-arch-32=i686 --with-abi=m64 --with-multilib-list=m32 m64 mx32 --enable-multilib --with-tune=generic --enable-offload-targets=nvptx-none=/build/gcc-12-bTRWOB/gcc-12-12.2.0/debian/tmp-nvptx/usr amdgcn-amdhsa=/build/gcc-12-bTRWOB/gcc-12-12.2.0/debian/tmp-gcn/usr --enable-offload-defaulted --without-cuda-driver --enable-checking=release --build=x86_64-linux-gnu --host=x86_64-linux-gnu --target=x86_64-linux-gnu]
  ignore line: [Thread model: posix]
  ignore line: [Supported LTO compression algorithms: zlib zstd]
  ignore line: [gcc version 12.2.0 (Debian 12.2.0-14) ]
  ignore line: [COLLECT_GCC_OPTIONS='-v' '-o' 'CMakeFiles/cmTC_156e9.dir/CMakeCCompilerABI.c.o' '-c' '-mtune=generic' '-march=x86-64' '-dumpdir' 'CMakeFiles/cmTC_156e9.dir/']
  ignore line: [ /usr/lib/gcc/x86_64-linux-gnu/12/cc1 -quiet -v -imultiarch x86_64-linux-gnu /usr/share/cmake-3.25/Modules/CMakeCCompilerABI.c -quiet -dumpdir CMakeFiles/cmTC_156e9.dir/ -dumpbase CMakeCCompilerABI.c.c -dumpbase-ext .c -mtune=generic -march=x86-64 -version -fasynchronous-unwind-tables -o /tmp/ccK4aG0Y.s]
  ignore line: [GNU C17 (Debian 12.2.0-14) version 12.2.0 (x86_64-linux-gnu)]
  ignore line: [	compiled by GNU C version 12.2.0  GMP version 6.2.1  MPFR version 4.1.1-p1  MPC version 1.3.1  isl version isl-0.25-GMP]
  ignore line: []
  ignore line: [warning: MPFR header version 4.1.1-p1 differs from library version 4.2.0.]
  ignore line: [GGC heuristics: --param ggc-min-expand=100 --param ggc-min-heapsize=131072]
  ignore line: [ignoring nonexistent directory "/usr/local/include/x86_64-linux-gnu"]
  ignore line: [ignoring nonexistent directory "/usr/lib/gcc/x86_64-linux-gnu/12/include-fixed"]
  ignore line: [ignoring nonexistent directory "/usr/lib/gcc/x86_64-linux-gnu/12/../../../../x86_64-linux-gnu/include"]
  ignore line: [#include "..." search starts here:]
  ignore line: [#include <...> search starts here:]
  ignore line: [ /usr/lib/gcc/x86_64-linux-gnu/12/include]
  ignore line: [ /usr/local/include]
  ignore line: [ /usr/include/x86_64-linux-gnu]
  ignore line: [ /usr/include]
  ignore line: [End of search list.]
  ignore line: [GNU C17 (Debian 12.2.0-14) version 12.2.0 (x86_64-linux-gnu)]
  ignore line: [	compiled by GNU C version 12.2.0  GMP version 6.2.1  MPFR version 4.1.1-p1  MPC version 1.3.1  isl version isl-0.25-GMP]
  ignore line: []
  ignore line: [warning: MPFR header version 4.1.1-p1 differs from library version 4.2.0.]
  ignore line: [GGC heuristics: --param ggc-min-expand=100 --param ggc-min-heapsize=131072]
  ignore line: [Compiler executable checksum: cc72d2b9b5048fedc2be9051c917b40b]
  ignore line: [COLLECT_GCC_OPTIONS='-v' '-o' 'CMakeFiles/cmTC_156e9.dir/CMakeCCompilerABI.c.o' '-c' '-mtune=generic' '-march=x86-64' '-dumpdir' 'CMakeFiles/cmTC_156e9.dir/']
  ignore line: [ as -v --64 -o CMakeFiles/cmTC_156e9.dir/CMakeCCompilerABI.c.o /tmp/ccK4aG0Y.s]
  ignore line: [GNU assembler version 2.40 (x86_64-linux-gnu) using BFD version (GNU Binutils for Debian) 2.40]
  ignore line: [COMPILER_PATH=/usr/lib/gcc/x86_64-linux-gnu/12/:/usr/lib/gcc/x86_64-linux-gnu/12/:/usr/lib/gcc/x86_64-linux-gnu/:/usr/lib/gcc/x86_64-linux-gnu/12/:/usr/lib/gcc/x86_64-linux-gnu/]
  ignore line: [LIBRARY_PATH=/usr/lib/gcc/x86_64-linux-gnu/12/:/usr/lib/gcc/x86_64-linux-gnu/12/../../../x86_64-linux-gnu/:/usr/lib/gcc/x86_64-linux-gnu/12/../../../../lib/:/lib/x86_64-linux-gnu/:/lib/../lib/:/usr/lib/x86_64-linux-gnu/:/usr/lib/../lib/:/usr/lib/gcc/x86_64-linux-gnu/12/../../../:/lib/:/usr/lib/]
  ignore line: [COLLECT_GCC_OPTIONS='-v' '-o' 'CMakeFiles/cmTC_156e9.dir/CMakeCCompilerABI.c.o' '-c' '-mtune=generic' '-march=x86-64' '-dumpdir' 'CMakeFiles/cmTC_156e9.dir/CMakeCCompilerABI.c.']
  ignore line: [Linking C executable cmTC_156e9]
  ignore line: [/usr/bin/cmake -E cmake_link_script CMakeFiles/cmTC_156e9.dir/link.txt --verbose=1]
  ignore line: [/usr/bin/gcc  -v CMakeFiles/cmTC_156e9.dir/CMakeCCompilerABI.c.o -o cmTC_156e9 ]
  ignore line: [Using built-in specs.]
  ignore line: [COLLECT_GCC=/usr/bin/gcc]
  ignore line: [COLLECT_LTO_WRAPPER=/usr/lib/gcc/x86_64-linux-gnu/12/lto-wrapper]
  ignore line: [OFFLOAD_TARGET_NAMES=nvptx-none:amdgcn-amdhsa]
  ignore line: [OFFLOAD_TARGET_DEFAULT=1]
  ignore line: [Target: x86_64-linux-gnu]
  ignore line: [Configured with: ../src/configure -v --with-pkgversion='Debian 12.2.0-14' --with-bugurl=file:///usr/share/doc/gcc-12/README.Bugs --enable-languages=c ada c++ go d fortran objc obj-c++ m2 --prefix=/usr --with-gcc-major-version-only --program-suffix=-12 --program-prefix=x86_64-linux-gnu- --enable-shared --enable-linker-build-id --libexecdir=/usr/lib --without-included-gettext --enable-threads=posix --libdir=/usr/lib --enable-nls --enable-clocale=gnu --enable-libstdcxx-debug --enable-libstdcxx-time=yes --with-default-libstdcxx-abi=new --enable-gnu-unique-object --disable-vtable-verify --enable-plugin --enable-default-pie --with-system-zlib --enable-libphobos-checking=release --with-target-system-zlib=auto --enable-objc-gc=auto --enable-multiarch --disable-werror --enable-cet --with-arch-32=i686 --with-abi=m64 --with-multilib-list=m32 m64 mx32 --enable-multilib --with-tune=generic --enable-offload-targets=nvptx-none=/build/gcc-12-bTRWOB/gcc-12-12.2.0/debian/tmp-nvptx/usr amdgcn-amdhsa=/build/gcc-12-bTRWOB/gcc-12-12.2.0/debian/tmp-gcn/usr --enable-offload-defaulted --without-cuda-driver --enable-checking=release --build=x86_64-linux-gnu --host=x86_64-linux-gnu --target=x86_64-linux-gnu]
  ignore line: [Thread model: posix]
  ignore line: [Supported LTO compression algorithms: zlib zstd]
  ignore line: [gcc version 12.2.0 (Debian 12.2.0-14) ]
  ignore line: [COMPILER_PATH=/usr/lib/gcc/x86_64-linux-gnu/12/:/usr/lib/gcc/x86_64-linux-gnu/12/:/usr/lib/gcc/x86_64-linux-gnu/:/usr/lib/gcc/x86_64-linux-gnu/12/:/usr/lib/gcc/x86_64-linux-gnu/]
  ignore line: [LIBRARY_PATH=/usr/lib/gcc/x86_64-linux-gnu/12/:/usr/lib/gcc/x86_64-linux-gnu/12/../../../x86_64-linux-gnu/:/usr/lib/gcc/x86_64-linux-gnu/12/../../../../lib/:/lib/x86_64-linux-gnu/:/lib/../lib/:/usr/lib/x86_64-linux-gnu/:/usr/lib/../lib/:/usr/lib/gcc/x86_64-linux-gnu/12/../../../:/lib/:/usr/lib/]
  ignore line: [COLLECT_GCC_OPTIONS='-v' '-o' 'cmTC_156e9' '-mtune=generic' '-march=x86-64' '-dumpdir' 'cmTC_156e9.']
  link line: [ /usr/lib/gcc/x86_64-linux-gnu/12/collect2 -plugin /usr/lib/gcc/x86_64-linux-gnu/12/liblto_plugin.so -plugin-opt=/usr/lib/gcc/x86_64-linux-gnu/12/lto-wrapper -plugin-opt=-fresolution=/tmp/cchjQl1i.res -plugin-opt=-pass-through=-lgcc -plugin-opt=-pass-through=-lgcc_s -plugin-opt=-pass-through=-lc -plugin-opt=-pass-through=-lgcc -plugin-opt=-pass-through=-lgcc_s --build-id --eh-frame-hdr -m elf_x86_64 --hash-style=gnu --as-needed -dynamic-linker /lib64/ld-linux-x86-64.so.2 -pie -o cmTC_156e9 /usr/lib/gcc/x86_64-linux-gnu/12/../../../x86_64-linux-gnu/Scrt1.o /usr/lib/gcc/x86_64-linux-gnu/12/../../../x86_64-linux-gnu/crti.o /usr/lib/gcc/x86_64-linux-gnu/12/crtbeginS.o -L/usr/lib/gcc/x86_64-linux-gnu/12 -L/usr/lib/gcc/x86_64-linux-gnu/12/../../../x86_64-linux-gnu -L/usr/lib/gcc/x86_64-linux-gnu/12/../../../../lib -L/lib/x86_64-linux-gnu -L/lib/../lib -L/usr/lib/x86_64-linux-gnu -L/usr/lib/../lib -L/usr/lib/gcc/x86_64-linux-gnu/12/../../.. CMakeFiles/cmTC_156e9.dir/CMakeCCompilerABI.c.o -lgcc --push-state --as-needed -lgcc_s --pop-state -lc -lgcc --push-state --as-needed -lgcc_s --pop-state /usr/lib/gcc/x86_64-linux-gnu/12/crtendS.o /usr/lib/gcc/x86_64-linux-gnu/12/../../../x86_64-linux-gnu/crtn.o]
    arg [/usr/lib/gcc/x86_64-linux-gnu/12/collect2] ==> ignore
    arg [-plugin] ==> ignore
    arg [/usr/lib/gcc/x86_64-linux-gnu/12/liblto_plugin.so] ==> ignore
    arg [-plugin-opt=/usr/lib/gcc/x86_64-linux-gnu/12/lto-wrapper] ==> ignore
    arg [-plugin-opt=-fresolution=/tmp/cchjQl1i.res] ==> ignore
    arg [-plugin-opt=-pass-through=-lgcc] ==> ignore
    arg [-plugin-opt=-pass-through=-lgcc_s] ==> ignore
    arg [-plugin-opt=-pass-through=-lc] ==> ignore
    arg [-plugin-opt=-pass-through=-lgcc] ==> ignore
    arg [-plugin-opt=-pass-through=-lgcc_s] ==> ignore
    arg [--build-id] ==> ignore
    arg [--eh-frame-hdr] ==> ignore
    arg [-m] ==> ignore
    arg [elf_x86_64] ==> ignore
    arg [--hash-style=gnu] ==> ignore
    arg [--as-needed] ==> ignore
    arg [-dynamic-linker] ==> ignore
    arg [/lib64/ld-linux-x86-64.so.2] ==> ignore
    arg [-pie] ==> ignore
    arg [-o] ==> ignore
    arg [cmTC_156e9] ==> ignore
    arg [/usr/lib/gcc/x86_64-linux-gnu/12/../../../x86_64-linux-gnu/Scrt1.o] ==> obj [/usr/lib/gcc/x86_64-linux-gnu/12/../../../x86_64-linux-gnu/Scrt1.o]
    arg [/usr/lib/gcc/x86_64-linux-gnu/12/../../../x86_64-linux-gnu/crti.o] ==> obj [/usr/lib/gcc/x86_64-linux-gnu/12/../../../x86_64-linux-gnu/crti.o]
    arg [/usr/lib/gcc/x86_64-linux-gnu/12/crtbeginS.o] ==> obj [/usr/lib/gcc/x86_64-linux-gnu/12/crtbeginS.o]
    arg [-L/usr/lib/gcc/x86_64-linux-gnu/12] ==> dir [/usr/lib/gcc/x86_64-linux-gnu/12]
    arg [-L/usr/lib/gcc/x86_64-linux-gnu/12/../../../x86_64-linux-gnu] ==> dir [/usr/lib/gcc/x86_64-linux-gnu/12/../../../x86_64-linux-gnu]
    arg [-L/usr/lib/gcc/x86_64-linux-gnu/12/../../../../lib] ==> dir [/usr/lib/gcc/x86_64-linux-gnu/12/../../../../lib]
    arg [-L/lib/x86_64-linux-gnu] ==> dir [/lib/x86_64-linux-gnu]
    arg [-L/lib/../lib] ==> dir [/lib/../lib]
    arg [-L/usr/lib/x86_64-linux-gnu] ==> dir [/usr/lib/x86_64-linux-gnu]
    arg [-L/usr/lib/../lib] ==> dir [/usr/lib/../lib]
    arg [-L/usr/lib/gcc/x86_64-linux-gnu/12/../../..] ==> dir [/usr/lib/gcc/x86_64-linux-gnu/12/../../..]
    arg [CMakeFiles/cmTC_156e9.dir/CMakeCCompilerABI.c.o] ==> ignore
    arg [-lgcc] ==> lib [gcc]
    arg [--push-state] ==> ignore
    arg [--as-needed] ==> ignore
    arg [-lgcc_s] ==> lib [gcc_s]
    arg [--pop-state] ==> ignore
    arg [-lc] ==> lib [c]
    arg [-lgcc] ==> lib [gcc]
    arg [--push-state] ==> ignore
    arg [--as-needed] ==> ignore
    arg [-lgcc_s] ==> lib [gcc_s]
    arg [--pop-state] ==> ignore
    arg [/usr/lib/gcc/x86_64-linux-gnu/12/crtendS.o] ==> obj [/usr/lib/gcc/x86_64-linux-gnu/12/crtendS.o]
    arg [/usr/lib/gcc/x86_64-linux-gnu/12/../../../x86_64-linux-gnu/crtn.o] ==> obj [/usr/lib/gcc/x86_64-linux-gnu/12/../../../x86_64-linux-gnu/crtn.o]
  collapse obj [/usr/lib/gcc/x86_64-linux-gnu/12/../../../x86_64-linux-gnu/Scrt1.o] ==> [/usr/lib/x86_64-linux-gnu/Scrt1.o]
  collapse obj [/usr/lib/gcc/x86_64-linux-gnu/12/../../../x86_64-linux-gnu/crti.o] ==> [/usr/lib/x86_64-linux-gnu/crti.o]
  collapse obj [/usr/lib/gcc/x86_64-linux-gnu/12/../../../x86_64-linux-gnu/crtn.o] ==> [/usr/lib/x86_64-linux-gnu/crtn.o]
  collapse library dir [/usr/lib/gcc/x86_64-linux-gnu/12] ==> [/usr/lib/gcc/x86_64-linux-gnu/12]
  collapse library dir [/usr/lib/gcc/x86_64-linux-gnu/12/../../../x86_64-linux-gnu] ==> [/usr/lib/x86_64-linux-gnu]
  collapse library dir [/usr/lib/gcc/x86_64-linux-gnu/12/../../../../lib] ==> [/usr/lib]
  collapse library dir [/lib/x86_64-linux-gnu] ==> [/lib/x86_64-linux-gnu]
  collapse library dir [/lib/../lib] ==> [/lib]
  collapse library dir [/usr/lib/x86_64-linux-gnu] ==> [/usr/lib/x86_64-linux-gnu]
  collapse library dir [/usr/lib/../lib] ==> [/usr/lib]
  collapse library dir [/usr/lib/gcc/x86_64-linux-gnu/12/../../..] ==> [/usr/lib]
  implicit libs: [gcc;gcc_s;c;gcc;gcc_s]
  implicit objs: [/usr/lib/x86_64-linux-gnu/Scrt1.o;/usr/lib/x86_64-linux-gnu/crti.o;/usr/lib/gcc/x86_64-linux-gnu/12/crtbeginS.o;/usr/lib/gcc/x86_64-linux-gnu/12/crtendS.o;/usr/lib/x86_64-linux-gnu/crtn.o]
  implicit dirs: [/usr/lib/gcc/x86_64-linux-gnu/12;/usr/lib/x86_64-linux-gnu;/usr/lib;/lib/x86_64-linux-gnu;/lib]
  implicit fwks: []


Performing C++ SOURCE FILE Test standard_math_library_linked_to_automatically succeeded with the following output:
Change Dir: /home/brandon/RayTracingInOneWeekend/RayTracer/build/CMakeFiles/CMakeScratch/TryCompile-KShMf7

Run Build Command(s):/usr/bin/gmake -f Makefile cmTC_db9b3/fast && /usr/bin/gmake  -f CMakeFiles/cmTC_db9b3.dir/build.make CMakeFiles/cmTC_db9b3.dir/build
gmake[1]: Entering directory '/home/brandon/RayTracingInOneWeekend/RayTracer/build/CMakeFiles/CMakeScratch/TryCompile-KShMf7'
Building CXX object CMakeFiles/cmTC_db9b3.dir/src.cxx.o
/usr/bin/g++ -Dstandard_math_library_linked_to_automatically  -std=gnu++17 -o CMakeFiles/cmTC_db9b3.dir/src.cxx.o -c /home/brandon/RayTracingInOneWeekend/RayTracer/build/CMakeFiles/CMakeScratch/TryCompile-KShMf7/src.cxx
Linking CXX executable cmTC_db9b3
/usr/bin/cmake -E cmake_link_script CMakeFiles/cmTC_db9b3.dir/link.txt --verbose=1
/usr/bin/g++ CMakeFiles/cmTC_db9b3.dir/src.cxx.o -o cmTC_db9b3 
gmake[1]: Leaving directory '/home/brandon/RayTracingInOneWeekend/RayTracer/build/CMakeFiles/CMakeScratch/TryCompile-KShMf7'


Source file was:

#include<cmath>
int main(int argc, char **){
  return int(std::sin(double(argc)) + std::log(double(argc)));
}

Performing C++ SOURCE FILE Test COMPILER_SUPPORT_WERROR succeeded with the following output:
Change Dir: /home/brandon/RayTracingInOneWeekend/RayTracer/build/CMakeFiles/CMakeScratch/TryCompile-EFb9FF

Run Build Command(s):/usr/bin/gmake -f Makefile cmTC_a6f47/fast && /usr/bin/gmake  -f CMakeFiles/cmTC_a6f47.dir/build.make CMakeFiles/cmTC_a6f47.dir/build
gmake[1]: Entering directory '/home/brandon/RayTracingInOneWeekend/RayTracer/build/CMakeFiles/CMakeScratch/TryCompile-EFb9FF'
Building CXX object CMakeFiles/cmTC_a6f47.dir/src.cxx.o
/usr/bin/g++ -DCOMPILER_SUPPORT_WERROR  -Werror -std=gnu++17 -o CMakeFiles/cmTC_a6f47.dir/src.cxx.o -c /home/brandon/RayTracingInOneWeekend/RayTracer/build/CMakeFiles/CMakeScratch/TryCompile-EFb9FF/src.cxx
Linking CXX executable cmTC_a6f47
/usr/bin/cmake -E cmake_link_script CMakeFiles/cmTC_a6f47.dir/link.txt --verbose=1
/usr/bin/g++ CMakeFiles/cmTC_a6f47.dir/src.cxx.o -o cmTC_a6f47 
gmake[1]: Leaving directory '/home/brandon/RayTracingInOneWeekend/RayTracer/build/CMakeFiles/CMakeScratch/TryCompile-EFb9FF'


Source file was:
int main() { return 0; }

Performing C++ SOURCE FILE Test COMPILER_SUPPORT_pedantic succeeded with the following output:
Change Dir: /home/brandon/RayTracingInOneWeekend/RayTracer/build/CMakeFiles/CMakeScratch/TryCompile-jnvQWF

Run Build Command(s):/usr/bin/gmake -f Makefile cmTC_0542b/fast && /usr/bin/gmake  -f CMakeFiles/cmTC_0542b.dir/build.make CMakeFiles/cmTC_0542b.dir/build
gmake[1]: Entering directory '/home/brandon/RayTracingInOneWeekend/RayTracer/build/CMakeFiles/CMakeScratch/TryCompile-jnvQWF'
Building CXX object CMakeFiles/cmTC_0542b.dir/src.cxx.o
/usr/bin/g++ -DCOMPILER_SUPPORT_pedantic  -Werror   -pedantic -std=gnu++17 -o CMakeFiles/cmTC_0542b.dir/src.cxx.o -c /home/brandon/RayTracingInOneWeekend/RayTracer/build/CMakeFiles/CMakeScratch/TryCompile-jnvQWF/src.cxx
Linking CXX executable cmTC_0542b
/usr/bin/cmake -E cmake_link_script CMakeFiles/cmTC_0542b.dir/link.txt --verbose=1
/usr/bin/g++  -Werror CMakeFiles/cmTC_0542b.dir/src.cxx.o -o cmTC_0542b 
gmake[1]: Leaving directory '/home/brandon/RayTracingInOneWeekend/RayTracer/build/CMakeFiles/CMakeScratch/TryCompile-jnvQWF'


Source file was:
int main() { return 0; }

Performing C++ SOURCE FILE Test COMPILER_SUPPORT_Wall succeeded with the following output:
Change Dir: /home/brandon/RayTracingInOneWeekend/RayTracer/build/CMakeFiles/CMakeScratch/TryCompile-sUxenl

Run Build Command(s):/usr/bin/gmake -f Makefile cmTC_e26d3/fast && /usr/bin/gmake  -f CMakeFiles/cmTC_e26d3.dir/build.make CMakeFiles/cmTC_e26d3.dir/build
gmake[1]: Entering directory '/home/brandon/RayTracingInOneWeekend/RayTracer/build/CMakeFiles/CMakeScratch/TryCompile-sUxenl'
Building CXX object CMakeFiles/cmTC_e26d3.dir/src.cxx.o
/usr/bin/g++ -DCOMPILER_SUPPORT_Wall  -pedantic -Werror   -Wall -std=gnu++17 -o CMakeFiles/cmTC_e26d3.dir/src.cxx.o -c /home/brandon/RayTracingInOneWeekend/RayTracer/build/CMakeFiles/CMakeScratch/TryCompile-sUxenl/src.cxx
Linking CXX executable cmTC_e26d3
/usr/bin/cmake -E cmake_link_script CMakeFiles/cmTC_e26d3.dir/link.txt --verbose=1
/usr/bin/g++  -pedantic -Werror CMakeFiles/cmTC_e26d3.dir/src.cxx.o -o cmTC_e26d3 
gmake[1]: Leaving directory '/home/brandon/RayTracingInOneWeekend/RayTracer/build/CMakeFiles/CMakeScratch/TryCompile-sUxenl'


Source file was:
int main() { return 0; }

Performing C++ SOURCE FILE Test COMPILER_SUPPORT_Wextra succeeded with the following output:
Change Dir: /home/brandon/RayTracingInOneWeekend/RayTracer/build/CMakeFiles/CMakeScratch/TryCompile-dfGFWZ

Run Build Command(s):/usr/bin/gmake -f Makefile cmTC_7eafe/fast && /usr/bin/gmake  -f CMakeFiles/cmTC_7eafe.dir/build.make CMakeFiles/cmTC_7eafe.dir/build
gmake[1]: Entering directory '/home/brandon/RayTracingInOneWeekend/RayTracer/build/CMakeFiles/CMakeScratch/TryCompile-dfGFWZ'
Building CXX object CMakeFiles/cmTC_7eafe.dir/src.cxx.o
/usr/bin/g++ -DCOMPILER_SUPPORT_Wextra  -pedantic -Wall -Werror   -Wextra -std=gnu++17 -o CMakeFiles/cmTC_7eafe.dir/src.cxx.o -c /home/brandon/RayTracingInOneWeekend/RayTracer/build/CMakeFiles/CMakeScratch/TryCompile-dfGFWZ/src.cxx
Linking CXX executable cmTC_7eafe
/usr/bin/cmake -E cmake_link_script CMakeFiles/cmTC_7eafe.dir/link.txt --verbose=1
/usr/bin/g++  -pedantic -Wall -Werror CMakeFiles/cmTC_7eafe.dir/src.cxx.o -o cmTC_7eafe 
gmake[1]: Leaving directory '/home/brandon/RayTracingInOneWeekend/RayTracer/build/CMakeFiles/CMakeScratch/TryCompile-dfGFWZ'


Source file was:
int main() { return 0; }

Performing C++ SOURCE FILE Test COMPILER_SUPPORT_Wundef succeeded with the following output:
Change Dir: /home/brandon/RayTracingInOneWeekend/RayTracer/build/CMakeFiles/CMakeScratch/TryCompile-wKNm04

Run Build Command(s):/usr/bin/gmake -f Makefile cmTC_6ee73/fast && /usr/bin/gmake  -f CMakeFiles/cmTC_6ee73.dir/build.make CMakeFiles/cmTC_6ee73.dir/build
gmake[1]: Entering directory '/home/brandon/RayTracingInOneWeekend/RayTracer/build/CMakeFiles/CMakeScratch/TryCompile-wKNm04'
Building CXX object CMakeFiles/cmTC_6ee73.dir/src.cxx.o
/usr/bin/g++ -DCOMPILER_SUPPORT_Wundef  -pedantic -Wall -Wextra -Werror   -Wundef -std=gnu++17 -o CMakeFiles/cmTC_6ee73.dir/src.cxx.o -c /home/brandon/RayTracingInOneWeekend/RayTracer/build/CMakeFiles/CMakeScratch/TryCompile-wKNm04/src.cxx
Linking CXX executable cmTC_6ee73
/usr/bin/cmake -E cmake_link_script CMakeFiles/cmTC_6ee73.dir/link.txt --verbose=1
/usr/bin/g++  -pedantic -Wall -Wextra -Werror CMakeFiles/cmTC_6ee73.dir/src.cxx.o -o cmTC_6ee73 
gmake[1]: Leaving directory '/home/brandon/RayTracingInOneWeekend/RayTracer/build/CMakeFiles/CMakeScratch/TryCompile-wKNm04'


Source file was:
int main() { return 0; }

Performing C++ SOURCE FILE Test COMPILER_SUPPORT_Wcastalign succeeded with the following output:
Change Dir: /home/brandon/RayTracingInOneWeekend/RayTracer/build/CMakeFiles/CMakeScratch/TryCompile-hTGL10

Run Build Command(s):/usr/bin/gmake -f Makefile cmTC_04b0e/fast && /usr/bin/gmake  -f CMakeFiles/cmTC_04b0e.dir/build.make CMakeFiles/cmTC_04b0e.dir/build
gmake[1]: Entering directory '/home/brandon/RayTracingInOneWeekend/RayTracer/build/CMakeFiles/CMakeScratch/TryCompile-hTGL10'
Building CXX object CMakeFiles/cmTC_04b0e.dir/src.cxx.o
/usr/bin/g++ -DCOMPILER_SUPPORT_Wcastalign  -pedantic -Wall -Wextra -Wundef -Werror   -Wcast-align -std=gnu++17 -o CMakeFiles/cmTC_04b0e.dir/src.cxx.o -c /home/brandon/RayTracingInOneWeekend/RayTracer/build/CMakeFiles/CMakeScratch/TryCompile-hTGL10/src.cxx
Linking CXX executable cmTC_04b0e
/usr/bin/cmake -E cmake_link_script CMakeFiles/cmTC_04b0e.dir/link.txt --verbose=1
/usr/bin/g++  -pedantic -Wall -Wextra -Wundef -Werror CMakeFiles/cmTC_04b0e.dir/src.cxx.o -o cmTC_04b0e 
gmake[1]: Leaving directory '/home/brandon/RayTracingInOneWeekend/RayTracer/build/CMakeFiles/CMakeScratch/TryCompile-hTGL10'


Source file was:
int main() { return 0; }

Performing C++ SOURCE FILE Test COMPILER_SUPPORT_Wcharsubscripts succeeded with the following output:
Change Dir: /home/brandon/RayTracingInOneWeekend/RayTracer/build/CMakeFiles/CMakeScratch/TryCompile-SV6mWV

Run Build Command(s):/usr/bin/gmake -f Makefile cmTC_7116e/fast && /usr/bin/gmake  -f CMakeFiles/cmTC_7116e.dir/build.make CMakeFiles/cmTC_7116e.dir/build
gmake[1]: Entering directory '/home/brandon/RayTracingInOneWeekend/RayTracer/build/CMakeFiles/CMakeScratch/TryCompile-SV6mWV'
Building CXX object CMakeFiles/cmTC_7116e.dir/src.cxx.o
/usr/bin/g++ -DCOMPILER_SUPPORT_Wcharsubscripts  -pedantic -Wall -Wextra -Wundef -Wcast-align -Werror   -Wchar-subscripts -std=gnu++17 -o CMakeFiles/cmTC_7116e.dir/src.cxx.o -c /home/brandon/RayTracingInOneWeekend/RayTracer/build/CMakeFiles/CMakeScratch/TryCompile-SV6mWV/src.cxx
Linking CXX executable cmTC_7116e
/usr/bin/cmake -E cmake_link_script CMakeFiles/cmTC_7116e.dir/link.txt --verbose=1
/usr/bin/g++  -pedantic -Wall -Wextra -Wundef -Wcast-align -Werror CMakeFiles/cmTC_7116e.dir/src.cxx.o -o cmTC_7116e 
gmake[1]: Leaving directory '/home/brandon/RayTracingInOneWeekend/RayTracer/build/CMakeFiles/CMakeScratch/TryCompile-SV6mWV'


Source file was:
int main() { return 0; }

Performing C++ SOURCE FILE Test COMPILER_SUPPORT_Wnonvirtualdtor succeeded with the following output:
Change Dir: /home/brandon/RayTracingInOneWeekend/RayTracer/build/CMakeFiles/CMakeScratch/TryCompile-QCAgMh

Run Build Command(s):/usr/bin/gmake -f Makefile cmTC_804f4/fast && /usr/bin/gmake  -f CMakeFiles/cmTC_804f4.dir/build.make CMakeFiles/cmTC_804f4.dir/build
gmake[1]: Entering directory '/home/brandon/RayTracingInOneWeekend/RayTracer/build/CMakeFiles/CMakeScratch/TryCompile-QCAgMh'
Building CXX object CMakeFiles/cmTC_804f4.dir/src.cxx.o
/usr/bin/g++ -DCOMPILER_SUPPORT_Wnonvirtualdtor  -pedantic -Wall -Wextra -Wundef -Wcast-align -Wchar-subscripts -Werror   -Wnon-virtual-dtor -std=gnu++17 -o CMakeFiles/cmTC_804f4.dir/src.cxx.o -c /home/brandon/RayTracingInOneWeekend/RayTracer/build/CMakeFiles/CMakeScratch/TryCompile-QCAgMh/src.cxx
Linking CXX executable cmTC_804f4
/usr/bin/cmake -E cmake_link_script CMakeFiles/cmTC_804f4.dir/link.txt --verbose=1
/usr/bin/g++  -pedantic -Wall -Wextra -Wundef -Wcast-align -Wchar-subscripts -Werror CMakeFiles/cmTC_804f4.dir/src.cxx.o -o cmTC_804f4 
gmake[1]: Leaving directory '/home/brandon/RayTracingInOneWeekend/RayTracer/build/CMakeFiles/CMakeScratch/TryCompile-QCAgMh'


Source file was:
int main() { return 0; }

Performing C++ SOURCE FILE Test COMPILER_SUPPORT_Wunusedlocaltypedefs succeeded with the following output:
Change Dir: /home/brandon/RayTracingInOneWeekend/RayTracer/build/CMakeFiles/CMakeScratch/TryCompile-QZkrrx

Run Build Command(s):/usr/bin/gmake -f Makefile cmTC_2cab4/fast && /usr/bin/gmake  -f CMakeFiles/cmTC_2cab4.dir/build.make CMakeFiles/cmTC_2cab4.dir/build
gmake[1]: Entering directory '/home/brandon/RayTracingInOneWeekend/RayTracer/build/CMakeFiles/CMakeScratch/TryCompile-QZkrrx'
Building CXX object CMakeFiles/cmTC_2cab4.dir/src.cxx.o
/usr/bin/g++ -DCOMPILER_SUPPORT_Wunusedlocaltypedefs  -pedantic -Wall -Wextra -Wundef -Wcast-align -Wchar-subscripts -Wnon-virtual-dtor -Werror   -Wunused-local-typedefs -std=gnu++17 -o CMakeFiles/cmTC_2cab4.dir/src.cxx.o -c /home/brandon/RayTracingInOneWeekend/RayTracer/build/CMakeFiles/CMakeScratch/TryCompile-QZkrrx/src.cxx
Linking CXX executable cmTC_2cab4
/usr/bin/cmake -E cmake_link_script CMakeFiles/cmTC_2cab4.dir/link.txt --verbose=1
/usr/bin/g++  -pedantic -Wall -Wextra -Wundef -Wcast-align -Wchar-subscripts -Wnon-virtual-dtor -Werror CMakeFiles/cmTC_2cab4.dir/src.cxx.o -o cmTC_2cab4 
gmake[1]: Leaving directory '/home/brandon/RayTracingInOneWeekend/RayTracer/build/CMakeFiles/CMakeScratch/TryCompile-QZkrrx'


Source file was:
int main() { return 0; }

Performing C++ SOURCE FILE Test COMPILER_SUPPORT_Wpointerarith succeeded with the following output:
Change Dir: /home/brandon/RayTracingInOneWeekend/RayTracer/build/CMakeFiles/CMakeScratch/TryCompile-kNUJ2Q

Run Build Command(s):/usr/bin/gmake -f Makefile cmTC_af9a8/fast && /usr/bin/gmake  -f CMakeFiles/cmTC_af9a8.dir/build.make CMakeFiles/cmTC_af9a8.dir/build
gmake[1]: Entering directory '/home/brandon/RayTracingInOneWeekend/RayTracer/build/CMakeFiles/CMakeScratch/TryCompile-kNUJ2Q'
Building CXX object CMakeFiles/cmTC_af9a8.dir/src.cxx.o
/usr/bin/g++ -DCOMPILER_SUPPORT_Wpointerarith  -pedantic -Wall -Wextra -Wundef -Wcast-align -Wchar-subscripts -Wnon-virtual-dtor -Wunused-local-typedefs -Werror   -Wpointer-arith -std=gnu++17 -o CMakeFiles/cmTC_af9a8.dir/src.cxx.o -c /home/brandon/RayTracingInOneWeekend/RayTracer/build/CMakeFiles/CMakeScratch/TryCompile-kNUJ2Q/src.cxx
Linking CXX executable cmTC_af9a8
/usr/bin/cmake -E cmake_link_script CMakeFiles/cmTC_af9a8.dir/link.txt --verbose=1
/usr/bin/g++  -pedantic -Wall -Wextra -Wundef -Wcast-align -Wchar-subscripts -Wnon-virtual-dtor -Wunused-local-typedefs -Werror CMakeFiles/cmTC_af9a8.dir/src.cxx.o -o cmTC_af9a8 
gmake[1]: Leaving directory '/home/brandon/RayTracingInOneWeekend/RayTracer/build/CMakeFiles/CMakeScratch/TryCompile-kNUJ2Q'


Source file was:
int main() { return 0; }

Performing C++ SOURCE FILE Test COMPILER_SUPPORT_Wwritestrings succeeded with the following output:
Change Dir: /home/brandon/RayTracingInOneWeekend/RayTracer/build/CMakeFiles/CMakeScratch/TryCompile-bSlmIV

Run Build Command(s):/usr/bin/gmake -f Makefile cmTC_897d5/fast && /usr/bin/gmake  -f CMakeFiles/cmTC_897d5.dir/build.make CMakeFiles/cmTC_897d5.dir/build
gmake[1]: Entering directory '/home/brandon/RayTracingInOneWeekend/RayTracer/build/CMakeFiles/CMakeScratch/TryCompile-bSlmIV'
Building CXX object CMakeFiles/cmTC_897d5.dir/src.cxx.o
/usr/bin/g++ -DCOMPILER_SUPPORT_Wwritestrings  -pedantic -Wall -Wextra -Wundef -Wcast-align -Wchar-subscripts -Wnon-virtual-dtor -Wunused-local-typedefs -Wpointer-arith -Werror   -Wwrite-strings -std=gnu++17 -o CMakeFiles/cmTC_897d5.dir/src.cxx.o -c /home/brandon/RayTracingInOneWeekend/RayTracer/build/CMakeFiles/CMakeScratch/TryCompile-bSlmIV/src.cxx
Linking CXX executable cmTC_897d5
/usr/bin/cmake -E cmake_link_script CMakeFiles/cmTC_897d5.dir/link.txt --verbose=1
/usr/bin/g++  -pedantic -Wall -Wextra -Wundef -Wcast-align -Wchar-subscripts -Wnon-virtual-dtor -Wunused-local-typedefs -Wpointer-arith -Werror CMakeFiles/cmTC_897d5.dir/src.cxx.o -o cmTC_897d5 
gmake[1]: Leaving directory '/home/brandon/RayTracingInOneWeekend/RayTracer/build/CMakeFiles/CMakeScratch/TryCompile-bSlmIV'


Source file was:
int main() { return 0; }

Performing C++ SOURCE FILE Test COMPILER_SUPPORT_Wformatsecurity succeeded with the following output:
Change Dir: /home/brandon/RayTracingInOneWeekend/RayTracer/build/CMakeFiles/CMakeScratch/TryCompile-Pm99Lf

Run Build Command(s):/usr/bin/gmake -f Makefile cmTC_286af/fast && /usr/bin/gmake  -f CMakeFiles/cmTC_286af.dir/build.make CMakeFiles/cmTC_286af.dir/build
gmake[1]: Entering directory '/home/brandon/RayTracingInOneWeekend/RayTracer/build/CMakeFiles/CMakeScratch/TryCompile-Pm99Lf'
Building CXX object CMakeFiles/cmTC_286af.dir/src.cxx.o
/usr/bin/g++ -DCOMPILER_SUPPORT_Wformatsecurity  -pedantic -Wall -Wextra -Wundef -Wcast-align -Wchar-subscripts -Wnon-virtual-dtor -Wunused-local-typedefs -Wpointer-arith -Wwrite-strings -Werror   -Wformat-security -std=gnu++17 -o CMakeFiles/cmTC_286af.dir/src.cxx.o -c /home/brandon/RayTracingInOneWeekend/RayTracer/build/CMakeFiles/CMakeScratch/TryCompile-Pm99Lf/src.cxx
Linking CXX executable cmTC_286af
/usr/bin/cmake -E cmake_link_script CMakeFiles/cmTC_286af.dir/link.txt --verbose=1
/usr/bin/g++  -pedantic -Wall -Wextra -Wundef -Wcast-align -Wchar-subscripts -Wnon-virtual-dtor -Wunused-local-typedefs -Wpointer-arith -Wwrite-strings -Werror CMakeFiles/cmTC_286af.dir/src.cxx.o -o cmTC_286af 
gmake[1]: Leaving directory '/home/brandon/RayTracingInOneWeekend/RayTracer/build/CMakeFiles/CMakeScratch/TryCompile-Pm99Lf'


Source file was:
int main() { return 0; }

Performing C++ SOURCE FILE Test COMPILER_SUPPORT_Wlogicalop succeeded with the following output:
Change Dir: /home/brandon/RayTracingInOneWeekend/RayTracer/build/CMakeFiles/CMakeScratch/TryCompile-5UO6ZX

Run Build Command(s):/usr/bin/gmake -f Makefile cmTC_a6211/fast && /usr/bin/gmake  -f CMakeFiles/cmTC_a6211.dir/build.make CMakeFiles/cmTC_a6211.dir/build
gmake[1]: Entering directory '/home/brandon/RayTracingInOneWeekend/RayTracer/build/CMakeFiles/CMakeScratch/TryCompile-5UO6ZX'
Building CXX object CMakeFiles/cmTC_a6211.dir/src.cxx.o
/usr/bin/g++ -DCOMPILER_SUPPORT_Wlogicalop  -pedantic -Wall -Wextra -Wundef -Wcast-align -Wchar-subscripts -Wnon-virtual-dtor -Wunused-local-typedefs -Wpointer-arith -Wwrite-strings -Wformat-security -Werror   -Wlogical-op -std=gnu++17 -o CMakeFiles/cmTC_a6211.dir/src.cxx.o -c /home/brandon/RayTracingInOneWeekend/RayTracer/build/CMakeFiles/CMakeScratch/TryCompile-5UO6ZX/src.cxx
Linking CXX executable cmTC_a6211
/usr/bin/cmake -E cmake_link_script CMakeFiles/cmTC_a6211.dir/link.txt --verbose=1
/usr/bin/g++  -pedantic -Wall -Wextra -Wundef -Wcast-align -Wchar-subscripts -Wnon-virtual-dtor -Wunused-local-typedefs -Wpointer-arith -Wwrite-strings -Wformat-security -Werror CMakeFiles/cmTC_a6211.dir/src.cxx.o -o cmTC_a6211 
gmake[1]: Leaving directory '/home/brandon/RayTracingInOneWeekend/RayTracer/build/CMakeFiles/CMakeScratch/TryCompile-5UO6ZX'


Source file was:
int main() { return 0; }

Performing C++ SOURCE FILE Test COMPILER_SUPPORT_Wenumconversion succeeded with the following output:
Change Dir: /home/brandon/RayTracingInOneWeekend/RayTracer/build/CMakeFiles/CMakeScratch/TryCompile-Jkxp82

Run Build Command(s):/usr/bin/gmake -f Makefile cmTC_29547/fast && /usr/bin/gmake  -f CMakeFiles/cmTC_29547.dir/build.make CMakeFiles/cmTC_29547.dir/build
gmake[1]: Entering directory '/home/brandon/RayTracingInOneWeekend/RayTracer/build/CMakeFiles/CMakeScratch/TryCompile-Jkxp82'
Building CXX object CMakeFiles/cmTC_29547.dir/src.cxx.o
/usr/bin/g++ -DCOMPILER_SUPPORT_Wenumconversion  -pedantic -Wall -Wextra -Wundef -Wcast-align -Wchar-subscripts -Wnon-virtual-dtor -Wunused-local-typedefs -Wpointer-arith -Wwrite-strings -Wformat-security -Wlogical-op -Werror   -Wenum-conversion -std=gnu++17 -o CMakeFiles/cmTC_29547.dir/src.cxx.o -c /home/brandon/RayTracingInOneWeekend/RayTracer/build/CMakeFiles/CMakeScratch/TryCompile-Jkxp82/src.cxx
Linking CXX executable cmTC_29547
/usr/bin/cmake -E cmake_link_script CMakeFiles/cmTC_29547.dir/link.txt --verbose=1
/usr/bin/g++  -pedantic -Wall -Wextra -Wundef -Wcast-align -Wchar-subscripts -Wnon-virtual-dtor -Wunused-local-typedefs -Wpointer-arith -Wwrite-strings -Wformat-security -Wlogical-op -Werror CMakeFiles/cmTC_29547.dir/src.cxx.o -o cmTC_29547 
gmake[1]: Leaving directory '/home/brandon/RayTracingInOneWeekend/RayTracer/build/CMakeFiles/CMakeScratch/TryCompile-Jkxp82'


Source file was:
int main() { return 0; }

Performing C++ SOURCE FILE Test COMPILER_SUPPORT_Wcpp11extensions succeeded with the following output:
Change Dir: /home/brandon/RayTracingInOneWeekend/RayTracer/build/CMakeFiles/CMakeScratch/TryCompile-D53ZQG

Run Build Command(s):/usr/bin/gmake -f Makefile cmTC_3b254/fast && /usr/bin/gmake  -f CMakeFiles/cmTC_3b254.dir/build.make CMakeFiles/cmTC_3b254.dir/build
gmake[1]: Entering directory '/home/brandon/RayTracingInOneWeekend/RayTracer/build/CMakeFiles/CMakeScratch/TryCompile-D53ZQG'
Building CXX object CMakeFiles/cmTC_3b254.dir/src.cxx.o
/usr/bin/g++ -DCOMPILER_SUPPORT_Wcpp11extensions  -pedantic -Wall -Wextra -Wundef -Wcast-align -Wchar-subscripts -Wnon-virtual-dtor -Wunused-local-typedefs -Wpointer-arith -Wwrite-strings -Wformat-security -Wlogical-op -Wenum-conversion -Werror   -Wc++11-extensions -std=gnu++17 -o CMakeFiles/cmTC_3b254.dir/src.cxx.o -c /home/brandon/RayTracingInOneWeekend/RayTracer/build/CMakeFiles/CMakeScratch/TryCompile-D53ZQG/src.cxx
Linking CXX executable cmTC_3b254
/usr/bin/cmake -E cmake_link_script CMakeFiles/cmTC_3b254.dir/link.txt --verbose=1
/usr/bin/g++  -pedantic -Wall -Wextra -Wundef -Wcast-align -Wchar-subscripts -Wnon-virtual-dtor -Wunused-local-typedefs -Wpointer-arith -Wwrite-strings -Wformat-security -Wlogical-op -Wenum-conversion -Werror CMakeFiles/cmTC_3b254.dir/src.cxx.o -o cmTC_3b254 
gmake[1]: Leaving directory '/home/brandon/RayTracingInOneWeekend/RayTracer/build/CMakeFiles/CMakeScratch/TryCompile-D53ZQG'


Source file was:
int main() { return 0; }

Performing C++ SOURCE FILE Test COMPILER_SUPPORT_Wdoublepromotion succeeded with the following output:
Change Dir: /home/brandon/RayTracingInOneWeekend/RayTracer/build/CMakeFiles/CMakeScratch/TryCompile-d1KC4Z

Run Build Command(s):/usr/bin/gmake -f Makefile cmTC_1e0bf/fast && /usr/bin/gmake  -f CMakeFiles/cmTC_1e0bf.dir/build.make CMakeFiles/cmTC_1e0bf.dir/build
gmake[1]: Entering directory '/home/brandon/RayTracingInOneWeekend/RayTracer/build/CMakeFiles/CMakeScratch/TryCompile-d1KC4Z'
Building CXX object CMakeFiles/cmTC_1e0bf.dir/src.cxx.o
/usr/bin/g++ -DCOMPILER_SUPPORT_Wdoublepromotion  -pedantic -Wall -Wextra -Wundef -Wcast-align -Wchar-subscripts -Wnon-virtual-dtor -Wunused-local-typedefs -Wpointer-arith -Wwrite-strings -Wformat-security -Wlogical-op -Wenum-conversion -Wc++11-extensions -Werror   -Wdouble-promotion -std=gnu++17 -o CMakeFiles/cmTC_1e0bf.dir/src.cxx.o -c /home/brandon/RayTracingInOneWeekend/RayTracer/build/CMakeFiles/CMakeScratch/TryCompile-d1KC4Z/src.cxx
Linking CXX executable cmTC_1e0bf
/usr/bin/cmake -E cmake_link_script CMakeFiles/cmTC_1e0bf.dir/link.txt --verbose=1
/usr/bin/g++  -pedantic -Wall -Wextra -Wundef -Wcast-align -Wchar-subscripts -Wnon-virtual-dtor -Wunused-local-typedefs -Wpointer-arith -Wwrite-strings -Wformat-security -Wlogical-op -Wenum-conversion -Wc++11-extensions -Werror CMakeFiles/cmTC_1e0bf.dir/src.cxx.o -o cmTC_1e0bf 
gmake[1]: Leaving directory '/home/brandon/RayTracingInOneWeekend/RayTracer/build/CMakeFiles/CMakeScratch/TryCompile-d1KC4Z'


Source file was:
int main() { return 0; }

Performing C++ SOURCE FILE Test COMPILER_SUPPORT_Wshadow succeeded with the following output:
Change Dir: /home/brandon/RayTracingInOneWeekend/RayTracer/build/CMakeFiles/CMakeScratch/TryCompile-Btta5r

Run Build Command(s):/usr/bin/gmake -f Makefile cmTC_26b52/fast && /usr/bin/gmake  -f CMakeFiles/cmTC_26b52.dir/build.make CMakeFiles/cmTC_26b52.dir/build
gmake[1]: Entering directory '/home/brandon/RayTracingInOneWeekend/RayTracer/build/CMakeFiles/CMakeScratch/TryCompile-Btta5r'
Building CXX object CMakeFiles/cmTC_26b52.dir/src.cxx.o
/usr/bin/g++ -DCOMPILER_SUPPORT_Wshadow  -pedantic -Wall -Wextra -Wundef -Wcast-align -Wchar-subscripts -Wnon-virtual-dtor -Wunused-local-typedefs -Wpointer-arith -Wwrite-strings -Wformat-security -Wlogical-op -Wenum-conversion -Wc++11-extensions -Wdouble-promotion -Werror   -Wshadow -std=gnu++17 -o CMakeFiles/cmTC_26b52.dir/src.cxx.o -c /home/brandon/RayTracingInOneWeekend/RayTracer/build/CMakeFiles/CMakeScratch/TryCompile-Btta5r/src.cxx
Linking CXX executable cmTC_26b52
/usr/bin/cmake -E cmake_link_script CMakeFiles/cmTC_26b52.dir/link.txt --verbose=1
/usr/bin/g++  -pedantic -Wall -Wextra -Wundef -Wcast-align -Wchar-subscripts -Wnon-virtual-dtor -Wunused-local-typedefs -Wpointer-arith -Wwrite-strings -Wformat-security -Wlogical-op -Wenum-conversion -Wc++11-extensions -Wdouble-promotion -Werror CMakeFiles/cmTC_26b52.dir/src.cxx.o -o cmTC_26b52 
gmake[1]: Leaving directory '/home/brandon/RayTracingInOneWeekend/RayTracer/build/CMakeFiles/CMakeScratch/TryCompile-Btta5r'


Source file was:
int main() { return 0; }

Performing C++ SOURCE FILE Test COMPILER_SUPPORT_Wnopsabi succeeded with the following output:
Change Dir: /home/brandon/RayTracingInOneWeekend/RayTracer/build/CMakeFiles/CMakeScratch/TryCompile-xOUw6Y

Run Build Command(s):/usr/bin/gmake -f Makefile cmTC_cbac9/fast && /usr/bin/gmake  -f CMakeFiles/cmTC_cbac9.dir/build.make CMakeFiles/cmTC_cbac9.dir/build
gmake[1]: Entering directory '/home/brandon/RayTracingInOneWeekend/RayTracer/build/CMakeFiles/CMakeScratch/TryCompile-xOUw6Y'
Building CXX object CMakeFiles/cmTC_cbac9.dir/src.cxx.o
/usr/bin/g++ -DCOMPILER_SUPPORT_Wnopsabi  -pedantic -Wall -Wextra -Wundef -Wcast-align -Wchar-subscripts -Wnon-virtual-dtor -Wunused-local-typedefs -Wpointer-arith -Wwrite-strings -Wformat-security -Wlogical-op -Wenum-conversion -Wc++11-extensions -Wdouble-promotion -Wshadow -Werror   -Wno-psabi -std=gnu++17 -o CMakeFiles/cmTC_cbac9.dir/src.cxx.o -c /home/brandon/RayTracingInOneWeekend/RayTracer/build/CMakeFiles/CMakeScratch/TryCompile-xOUw6Y/src.cxx
Linking CXX executable cmTC_cbac9
/usr/bin/cmake -E cmake_link_script CMakeFiles/cmTC_cbac9.dir/link.txt --verbose=1
/usr/bin/g++  -pedantic -Wall -Wextra -Wundef -Wcast-align -Wchar-subscripts -Wnon-virtual-dtor -Wunused-local-typedefs -Wpointer-arith -Wwrite-strings -Wformat-security -Wlogical-op -Wenum-conversion -Wc++11-extensions -Wdouble-promotion -Wshadow -Werror CMakeFiles/cmTC_cbac9.dir/src.cxx.o -o cmTC_cbac9 
gmake[1]: Leaving directory '/home/brandon/RayTracingInOneWeekend/RayTracer/build/CMakeFiles/CMakeScratch/TryCompile-xOUw6Y'


Source file was:
int main() { return 0; }

Performing C++ SOURCE FILE Test COMPILER_SUPPORT_Wnovariadicmacros succeeded with the following output:
Change Dir: /home/brandon/RayTracingInOneWeekend/RayTracer/build/CMakeFiles/CMakeScratch/TryCompile-suZQIK

Run Build Command(s):/usr/bin/gmake -f Makefile cmTC_ae396/fast && /usr/bin/gmake  -f CMakeFiles/cmTC_ae396.dir/build.make CMakeFiles/cmTC_ae396.dir/build
gmake[1]: Entering directory '/home/brandon/RayTracingInOneWeekend/RayTracer/build/CMakeFiles/CMakeScratch/TryCompile-suZQIK'
Building CXX object CMakeFiles/cmTC_ae396.dir/src.cxx.o
/usr/bin/g++ -DCOMPILER_SUPPORT_Wnovariadicmacros  -pedantic -Wall -Wextra -Wundef -Wcast-align -Wchar-subscripts -Wnon-virtual-dtor -Wunused-local-typedefs -Wpointer-arith -Wwrite-strings -Wformat-security -Wlogical-op -Wenum-conversion -Wc++11-extensions -Wdouble-promotion -Wshadow -Wno-psabi -Werror   -Wno-variadic-macros -std=gnu++17 -o CMakeFiles/cmTC_ae396.dir/src.cxx.o -c /home/brandon/RayTracingInOneWeekend/RayTracer/build/CMakeFiles/CMakeScratch/TryCompile-suZQIK/src.cxx
Linking CXX executable cmTC_ae396
/usr/bin/cmake -E cmake_link_script CMakeFiles/cmTC_ae396.dir/link.txt --verbose=1
/usr/bin/g++  -pedantic -Wall -Wextra -Wundef -Wcast-align -Wchar-subscripts -Wnon-virtual-dtor -Wunused-local-typedefs -Wpointer-arith -Wwrite-strings -Wformat-security -Wlogical-op -Wenum-conversion -Wc++11-extensions -Wdouble-promotion -Wshadow -Wno-psabi -Werror CMakeFiles/cmTC_ae396.dir/src.cxx.o -o cmTC_ae396 
gmake[1]: Leaving directory '/home/brandon/RayTracingInOneWeekend/RayTracer/build/CMakeFiles/CMakeScratch/TryCompile-suZQIK'


Source file was:
int main() { return 0; }

Performing C++ SOURCE FILE Test COMPILER_SUPPORT_Wnolonglong succeeded with the following output:
Change Dir: /home/brandon/RayTracingInOneWeekend/RayTracer/build/CMakeFiles/CMakeScratch/TryCompile-t6G5oA

Run Build Command(s):/usr/bin/gmake -f Makefile cmTC_3a45c/fast && /usr/bin/gmake  -f CMakeFiles/cmTC_3a45c.dir/build.make CMakeFiles/cmTC_3a45c.dir/build
gmake[1]: Entering directory '/home/brandon/RayTracingInOneWeekend/RayTracer/build/CMakeFiles/CMakeScratch/TryCompile-t6G5oA'
Building CXX object CMakeFiles/cmTC_3a45c.dir/src.cxx.o
/usr/bin/g++ -DCOMPILER_SUPPORT_Wnolonglong  -pedantic -Wall -Wextra -Wundef -Wcast-align -Wchar-subscripts -Wnon-virtual-dtor -Wunused-local-typedefs -Wpointer-arith -Wwrite-strings -Wformat-security -Wlogical-op -Wenum-conversion -Wc++11-extensions -Wdouble-promotion -Wshadow -Wno-psabi -Wno-variadic-macros -Werror   -Wno-long-long -std=gnu++17 -o CMakeFiles/cmTC_3a45c.dir/src.cxx.o -c /home/brandon/RayTracingInOneWeekend/RayTracer/build/CMakeFiles/CMakeScratch/TryCompile-t6G5oA/src.cxx
Linking CXX executable cmTC_3a45c
/usr/bin/cmake -E cmake_link_script CMakeFiles/cmTC_3a45c.dir/link.txt --verbose=1
/usr/bin/g++  -pedantic -Wall -Wextra -Wundef -Wcast-align -Wchar-subscripts -Wnon-virtual-dtor -Wunused-local-typedefs -Wpointer-arith -Wwrite-strings -Wformat-security -Wlogical-op -Wenum-conversion -Wc++11-extensions -Wdouble-promotion -Wshadow -Wno-psabi -Wno-variadic-macros -Werror CMakeFiles/cmTC_3a45c.dir/src.cxx.o -o cmTC_3a45c 
gmake[1]: Leaving directory '/home/brandon/RayTracingInOneWeekend/RayTracer/build/CMakeFiles/CMakeScratch/TryCompile-t6G5oA'


Source file was:
int main() { return 0; }

Performing C++ SOURCE FILE Test COMPILER_SUPPORT_fnochecknew succeeded with the following output:
Change Dir: /home/brandon/RayTracingInOneWeekend/RayTracer/build/CMakeFiles/CMakeScratch/TryCompile-aBfZ9D

Run Build Command(s):/usr/bin/gmake -f Makefile cmTC_ead15/fast && /usr/bin/gmake  -f CMakeFiles/cmTC_ead15.dir/build.make CMakeFiles/cmTC_ead15.dir/build
gmake[1]: Entering directory '/home/brandon/RayTracingInOneWeekend/RayTracer/build/CMakeFiles/CMakeScratch/TryCompile-aBfZ9D'
Building CXX object CMakeFiles/cmTC_ead15.dir/src.cxx.o
/usr/bin/g++ -DCOMPILER_SUPPORT_fnochecknew  -pedantic -Wall -Wextra -Wundef -Wcast-align -Wchar-subscripts -Wnon-virtual-dtor -Wunused-local-typedefs -Wpointer-arith -Wwrite-strings -Wformat-security -Wlogical-op -Wenum-conversion -Wc++11-extensions -Wdouble-promotion -Wshadow -Wno-psabi -Wno-variadic-macros -Wno-long-long -Werror   -fno-check-new -std=gnu++17 -o CMakeFiles/cmTC_ead15.dir/src.cxx.o -c /home/brandon/RayTracingInOneWeekend/RayTracer/build/CMakeFiles/CMakeScratch/TryCompile-aBfZ9D/src.cxx
Linking CXX executable cmTC_ead15
/usr/bin/cmake -E cmake_link_script CMakeFiles/cmTC_ead15.dir/link.txt --verbose=1
/usr/bin/g++  -pedantic -Wall -Wextra -Wundef -Wcast-align -Wchar-subscripts -Wnon-virtual-dtor -Wunused-local-typedefs -Wpointer-arith -Wwrite-strings -Wformat-security -Wlogical-op -Wenum-conversion -Wc++11-extensions -Wdouble-promotion -Wshadow -Wno-psabi -Wno-variadic-macros -Wno-long-long -Werror CMakeFiles/cmTC_ead15.dir/src.cxx.o -o cmTC_ead15 
gmake[1]: Leaving directory '/home/brandon/RayTracingInOneWeekend/RayTracer/build/CMakeFiles/CMakeScratch/TryCompile-aBfZ9D'


Source file was:
int main() { return 0; }

Performing C++ SOURCE FILE Test COMPILER_SUPPORT_fnocommon succeeded with the following output:
Change Dir: /home/brandon/RayTracingInOneWeekend/RayTracer/build/CMakeFiles/CMakeScratch/TryCompile-WshqNa

Run Build Command(s):/usr/bin/gmake -f Makefile cmTC_d5d03/fast && /usr/bin/gmake  -f CMakeFiles/cmTC_d5d03.dir/build.make CMakeFiles/cmTC_d5d03.dir/build
gmake[1]: Entering directory '/home/brandon/RayTracingInOneWeekend/RayTracer/build/CMakeFiles/CMakeScratch/TryCompile-WshqNa'
Building CXX object CMakeFiles/cmTC_d5d03.dir/src.cxx.o
/usr/bin/g++ -DCOMPILER_SUPPORT_fnocommon  -pedantic -Wall -Wextra -Wundef -Wcast-align -Wchar-subscripts -Wnon-virtual-dtor -Wunused-local-typedefs -Wpointer-arith -Wwrite-strings -Wformat-security -Wlogical-op -Wenum-conversion -Wc++11-extensions -Wdouble-promotion -Wshadow -Wno-psabi -Wno-variadic-macros -Wno-long-long -fno-check-new -Werror   -fno-common -std=gnu++17 -o CMakeFiles/cmTC_d5d03.dir/src.cxx.o -c /home/brandon/RayTracingInOneWeekend/RayTracer/build/CMakeFiles/CMakeScratch/TryCompile-WshqNa/src.cxx
Linking CXX executable cmTC_d5d03
/usr/bin/cmake -E cmake_link_script CMakeFiles/cmTC_d5d03.dir/link.txt --verbose=1
/usr/bin/g++  -pedantic -Wall -Wextra -Wundef -Wcast-align -Wchar-subscripts -Wnon-virtual-dtor -Wunused-local-typedefs -Wpointer-arith -Wwrite-strings -Wformat-security -Wlogical-op -Wenum-conversion -Wc++11-extensions -Wdouble-promotion -Wshadow -Wno-psabi -Wno-variadic-macros -Wno-long-long -fno-check-new -Werror CMakeFiles/cmTC_d5d03.dir/src.cxx.o -o cmTC_d5d03 
gmake[1]: Leaving directory '/home/brandon/RayTracingInOneWeekend/RayTracer/build/CMakeFiles/CMakeScratch/TryCompile-WshqNa'


Source file was:
int main() { return 0; }

Performing C++ SOURCE FILE Test COMPILER_SUPPORT_fstrictaliasing succeeded with the following output:
Change Dir: /home/brandon/RayTracingInOneWeekend/RayTracer/build/CMakeFiles/CMakeScratch/TryCompile-8HAceU

Run Build Command(s):/usr/bin/gmake -f Makefile cmTC_71fca/fast && /usr/bin/gmake  -f CMakeFiles/cmTC_71fca.dir/build.make CMakeFiles/cmTC_71fca.dir/build
gmake[1]: Entering directory '/home/brandon/RayTracingInOneWeekend/RayTracer/build/CMakeFiles/CMakeScratch/TryCompile-8HAceU'
Building CXX object CMakeFiles/cmTC_71fca.dir/src.cxx.o
/usr/bin/g++ -DCOMPILER_SUPPORT_fstrictaliasing  -pedantic -Wall -Wextra -Wundef -Wcast-align -Wchar-subscripts -Wnon-virtual-dtor -Wunused-local-typedefs -Wpointer-arith -Wwrite-strings -Wformat-security -Wlogical-op -Wenum-conversion -Wc++11-extensions -Wdouble-promotion -Wshadow -Wno-psabi -Wno-variadic-macros -Wno-long-long -fno-check-new -fno-common -Werror   -fstrict-aliasing -std=gnu++17 -o CMakeFiles/cmTC_71fca.dir/src.cxx.o -c /home/brandon/RayTracingInOneWeekend/RayTracer/build/CMakeFiles/CMakeScratch/TryCompile-8HAceU/src.cxx
Linking CXX executable cmTC_71fca
/usr/bin/cmake -E cmake_link_script CMakeFiles/cmTC_71fca.dir/link.txt --verbose=1
/usr/bin/g++  -pedantic -Wall -Wextra -Wundef -Wcast-align -Wchar-subscripts -Wnon-virtual-dtor -Wunused-local-typedefs -Wpointer-arith -Wwrite-strings -Wformat-security -Wlogical-op -Wenum-conversion -Wc++11-extensions -Wdouble-promotion -Wshadow -Wno-psabi -Wno-variadic-macros -Wno-long-long -fno-check-new -fno-common -Werror CMakeFiles/cmTC_71fca.dir/src.cxx.o -o cmTC_71fca 
gmake[1]: Leaving directory '/home/brandon/RayTracingInOneWeekend/RayTracer/build/CMakeFiles/CMakeScratch/TryCompile-8HAceU'


Source file was:
int main() { return 0; }

Performing C++ SOURCE FILE Test COMPILER_SUPPORT_OPENMP succeeded with the following output:
Change Dir: /home/brandon/RayTracingInOneWeekend/RayTracer/build/CMakeFiles/CMakeScratch/TryCompile-WxS0jf

Run Build Command(s):/usr/bin/gmake -f Makefile cmTC_6a3da/fast && /usr/bin/gmake  -f CMakeFiles/cmTC_6a3da.dir/build.make CMakeFiles/cmTC_6a3da.dir/build
gmake[1]: Entering directory '/home/brandon/RayTracingInOneWeekend/RayTracer/build/CMakeFiles/CMakeScratch/TryCompile-WxS0jf'
Building CXX object CMakeFiles/cmTC_6a3da.dir/src.cxx.o
/usr/bin/g++ -DCOMPILER_SUPPORT_OPENMP  -pedantic -Wall -Wextra -Wundef -Wcast-align -Wchar-subscripts -Wnon-virtual-dtor -Wunused-local-typedefs -Wpointer-arith -Wwrite-strings -Wformat-security -Wlogical-op -Wenum-conversion -Wc++11-extensions -Wdouble-promotion -Wshadow -Wno-psabi -Wno-variadic-macros -Wno-long-long -fno-check-new -fno-common -fstrict-aliasing    -fopenmp -std=gnu++17 -o CMakeFiles/cmTC_6a3da.dir/src.cxx.o -c /home/brandon/RayTracingInOneWeekend/RayTracer/build/CMakeFiles/CMakeScratch/TryCompile-WxS0jf/src.cxx
Linking CXX executable cmTC_6a3da
/usr/bin/cmake -E cmake_link_script CMakeFiles/cmTC_6a3da.dir/link.txt --verbose=1
/usr/bin/g++  -pedantic -Wall -Wextra -Wundef -Wcast-align -Wchar-subscripts -Wnon-virtual-dtor -Wunused-local-typedefs -Wpointer-arith -Wwrite-strings -Wformat-security -Wlogical-op -Wenum-conversion -Wc++11-extensions -Wdouble-promotion -Wshadow -Wno-psabi -Wno-variadic-macros -Wno-long-long -fno-check-new -fno-common -fstrict-aliasing  CMakeFiles/cmTC_6a3da.dir/src.cxx.o -o cmTC_6a3da 
gmake[1]: Leaving directory '/home/brandon/RayTracingInOneWeekend/RayTracer/build/CMakeFiles/CMakeScratch/TryCompile-WxS0jf'


Source file was:
int main() { return 0; }

